{"C:\\Users\\Maurice\\Projects\\QuickCredit\\server\\spec\\specs.js":{"path":"C:\\Users\\Maurice\\Projects\\QuickCredit\\server\\spec\\specs.js","statementMap":{"0":{"start":{"line":3,"column":12},"end":{"line":3,"column":51}},"1":{"start":{"line":5,"column":17},"end":{"line":5,"column":61}},"2":{"start":{"line":7,"column":11},"end":{"line":7,"column":52}},"3":{"start":{"line":9,"column":39},"end":{"line":9,"column":95}},"4":{"start":{"line":11,"column":13},"end":{"line":11,"column":36}},"5":{"start":{"line":12,"column":14},"end":{"line":12,"column":57}},"6":{"start":{"line":14,"column":17},"end":{"line":14,"column":34}},"7":{"start":{"line":15,"column":0},"end":{"line":278,"column":3}},"8":{"start":{"line":16,"column":2},"end":{"line":26,"column":5}},"9":{"start":{"line":17,"column":4},"end":{"line":25,"column":7}},"10":{"start":{"line":18,"column":6},"end":{"line":24,"column":9}},"11":{"start":{"line":19,"column":8},"end":{"line":21,"column":11}},"12":{"start":{"line":22,"column":8},"end":{"line":22,"column":27}},"13":{"start":{"line":22,"column":17},"end":{"line":22,"column":27}},"14":{"start":{"line":23,"column":8},"end":{"line":23,"column":15}},"15":{"start":{"line":27,"column":2},"end":{"line":38,"column":5}},"16":{"start":{"line":28,"column":4},"end":{"line":37,"column":7}},"17":{"start":{"line":29,"column":6},"end":{"line":36,"column":9}},"18":{"start":{"line":30,"column":8},"end":{"line":33,"column":11}},"19":{"start":{"line":34,"column":8},"end":{"line":34,"column":27}},"20":{"start":{"line":34,"column":17},"end":{"line":34,"column":27}},"21":{"start":{"line":35,"column":8},"end":{"line":35,"column":15}},"22":{"start":{"line":39,"column":2},"end":{"line":277,"column":5}},"23":{"start":{"line":40,"column":4},"end":{"line":122,"column":7}},"24":{"start":{"line":41,"column":6},"end":{"line":61,"column":9}},"25":{"start":{"line":42,"column":26},"end":{"line":49,"column":9}},"26":{"start":{"line":50,"column":8},"end":{"line":60,"column":11}},"27":{"start":{"line":51,"column":10},"end":{"line":51,"column":48}},"28":{"start":{"line":52,"column":10},"end":{"line":52,"column":88}},"29":{"start":{"line":53,"column":10},"end":{"line":53,"column":77}},"30":{"start":{"line":54,"column":10},"end":{"line":54,"column":70}},"31":{"start":{"line":55,"column":10},"end":{"line":55,"column":77}},"32":{"start":{"line":56,"column":10},"end":{"line":56,"column":82}},"33":{"start":{"line":57,"column":10},"end":{"line":57,"column":82}},"34":{"start":{"line":58,"column":10},"end":{"line":58,"column":29}},"35":{"start":{"line":58,"column":19},"end":{"line":58,"column":29}},"36":{"start":{"line":59,"column":10},"end":{"line":59,"column":17}},"37":{"start":{"line":62,"column":6},"end":{"line":76,"column":9}},"38":{"start":{"line":63,"column":26},"end":{"line":70,"column":9}},"39":{"start":{"line":71,"column":8},"end":{"line":75,"column":11}},"40":{"start":{"line":72,"column":10},"end":{"line":72,"column":48}},"41":{"start":{"line":73,"column":10},"end":{"line":73,"column":66}},"42":{"start":{"line":74,"column":10},"end":{"line":74,"column":17}},"43":{"start":{"line":77,"column":6},"end":{"line":85,"column":9}},"44":{"start":{"line":78,"column":8},"end":{"line":84,"column":11}},"45":{"start":{"line":79,"column":10},"end":{"line":82,"column":13}},"46":{"start":{"line":83,"column":10},"end":{"line":83,"column":17}},"47":{"start":{"line":86,"column":6},"end":{"line":103,"column":9}},"48":{"start":{"line":87,"column":8},"end":{"line":102,"column":11}},"49":{"start":{"line":95,"column":10},"end":{"line":95,"column":116}},"50":{"start":{"line":96,"column":10},"end":{"line":96,"column":113}},"51":{"start":{"line":97,"column":10},"end":{"line":97,"column":87}},"52":{"start":{"line":98,"column":10},"end":{"line":98,"column":82}},"53":{"start":{"line":99,"column":10},"end":{"line":99,"column":119}},"54":{"start":{"line":100,"column":10},"end":{"line":100,"column":119}},"55":{"start":{"line":101,"column":10},"end":{"line":101,"column":17}},"56":{"start":{"line":104,"column":6},"end":{"line":121,"column":9}},"57":{"start":{"line":105,"column":8},"end":{"line":120,"column":11}},"58":{"start":{"line":113,"column":10},"end":{"line":113,"column":96}},"59":{"start":{"line":114,"column":10},"end":{"line":114,"column":94}},"60":{"start":{"line":115,"column":10},"end":{"line":115,"column":87}},"61":{"start":{"line":116,"column":10},"end":{"line":116,"column":113}},"62":{"start":{"line":117,"column":10},"end":{"line":117,"column":101}},"63":{"start":{"line":118,"column":10},"end":{"line":118,"column":101}},"64":{"start":{"line":119,"column":10},"end":{"line":119,"column":17}},"65":{"start":{"line":123,"column":4},"end":{"line":196,"column":7}},"66":{"start":{"line":124,"column":6},"end":{"line":133,"column":9}},"67":{"start":{"line":125,"column":8},"end":{"line":132,"column":11}},"68":{"start":{"line":129,"column":10},"end":{"line":129,"column":86}},"69":{"start":{"line":130,"column":10},"end":{"line":130,"column":81}},"70":{"start":{"line":131,"column":10},"end":{"line":131,"column":17}},"71":{"start":{"line":134,"column":6},"end":{"line":142,"column":9}},"72":{"start":{"line":135,"column":8},"end":{"line":141,"column":11}},"73":{"start":{"line":136,"column":10},"end":{"line":139,"column":13}},"74":{"start":{"line":140,"column":10},"end":{"line":140,"column":17}},"75":{"start":{"line":143,"column":6},"end":{"line":152,"column":9}},"76":{"start":{"line":144,"column":8},"end":{"line":151,"column":11}},"77":{"start":{"line":148,"column":10},"end":{"line":148,"column":86}},"78":{"start":{"line":149,"column":10},"end":{"line":149,"column":81}},"79":{"start":{"line":150,"column":10},"end":{"line":150,"column":17}},"80":{"start":{"line":153,"column":6},"end":{"line":162,"column":9}},"81":{"start":{"line":154,"column":8},"end":{"line":161,"column":11}},"82":{"start":{"line":158,"column":10},"end":{"line":158,"column":86}},"83":{"start":{"line":159,"column":10},"end":{"line":159,"column":112}},"84":{"start":{"line":160,"column":10},"end":{"line":160,"column":17}},"85":{"start":{"line":163,"column":6},"end":{"line":175,"column":9}},"86":{"start":{"line":164,"column":23},"end":{"line":167,"column":9}},"87":{"start":{"line":168,"column":8},"end":{"line":174,"column":11}},"88":{"start":{"line":169,"column":10},"end":{"line":169,"column":35}},"89":{"start":{"line":170,"column":10},"end":{"line":170,"column":54}},"90":{"start":{"line":171,"column":10},"end":{"line":171,"column":55}},"91":{"start":{"line":172,"column":10},"end":{"line":172,"column":53}},"92":{"start":{"line":173,"column":10},"end":{"line":173,"column":17}},"93":{"start":{"line":176,"column":6},"end":{"line":188,"column":9}},"94":{"start":{"line":177,"column":8},"end":{"line":187,"column":11}},"95":{"start":{"line":180,"column":10},"end":{"line":180,"column":48}},"96":{"start":{"line":181,"column":10},"end":{"line":181,"column":69}},"97":{"start":{"line":182,"column":10},"end":{"line":182,"column":65}},"98":{"start":{"line":183,"column":10},"end":{"line":183,"column":85}},"99":{"start":{"line":184,"column":10},"end":{"line":184,"column":83}},"100":{"start":{"line":185,"column":10},"end":{"line":185,"column":85}},"101":{"start":{"line":186,"column":10},"end":{"line":186,"column":17}},"102":{"start":{"line":189,"column":6},"end":{"line":195,"column":9}},"103":{"start":{"line":190,"column":8},"end":{"line":194,"column":11}},"104":{"start":{"line":191,"column":10},"end":{"line":191,"column":53}},"105":{"start":{"line":192,"column":10},"end":{"line":192,"column":75}},"106":{"start":{"line":193,"column":10},"end":{"line":193,"column":17}},"107":{"start":{"line":197,"column":4},"end":{"line":254,"column":7}},"108":{"start":{"line":198,"column":6},"end":{"line":204,"column":9}},"109":{"start":{"line":199,"column":8},"end":{"line":203,"column":11}},"110":{"start":{"line":200,"column":10},"end":{"line":200,"column":53}},"111":{"start":{"line":201,"column":10},"end":{"line":201,"column":105}},"112":{"start":{"line":202,"column":10},"end":{"line":202,"column":17}},"113":{"start":{"line":205,"column":6},"end":{"line":211,"column":9}},"114":{"start":{"line":206,"column":8},"end":{"line":210,"column":11}},"115":{"start":{"line":207,"column":10},"end":{"line":207,"column":52}},"116":{"start":{"line":208,"column":10},"end":{"line":208,"column":54}},"117":{"start":{"line":209,"column":10},"end":{"line":209,"column":17}},"118":{"start":{"line":212,"column":6},"end":{"line":218,"column":9}},"119":{"start":{"line":213,"column":8},"end":{"line":217,"column":11}},"120":{"start":{"line":214,"column":10},"end":{"line":214,"column":54}},"121":{"start":{"line":215,"column":10},"end":{"line":215,"column":55}},"122":{"start":{"line":216,"column":10},"end":{"line":216,"column":17}},"123":{"start":{"line":219,"column":6},"end":{"line":225,"column":9}},"124":{"start":{"line":220,"column":8},"end":{"line":224,"column":11}},"125":{"start":{"line":221,"column":10},"end":{"line":221,"column":54}},"126":{"start":{"line":222,"column":10},"end":{"line":222,"column":55}},"127":{"start":{"line":223,"column":10},"end":{"line":223,"column":17}},"128":{"start":{"line":226,"column":6},"end":{"line":232,"column":9}},"129":{"start":{"line":227,"column":8},"end":{"line":231,"column":11}},"130":{"start":{"line":228,"column":10},"end":{"line":228,"column":54}},"131":{"start":{"line":229,"column":10},"end":{"line":229,"column":52}},"132":{"start":{"line":230,"column":10},"end":{"line":230,"column":17}},"133":{"start":{"line":233,"column":6},"end":{"line":239,"column":9}},"134":{"start":{"line":234,"column":8},"end":{"line":238,"column":11}},"135":{"start":{"line":235,"column":10},"end":{"line":235,"column":54}},"136":{"start":{"line":236,"column":10},"end":{"line":236,"column":52}},"137":{"start":{"line":237,"column":10},"end":{"line":237,"column":17}},"138":{"start":{"line":240,"column":6},"end":{"line":246,"column":9}},"139":{"start":{"line":241,"column":8},"end":{"line":245,"column":11}},"140":{"start":{"line":242,"column":10},"end":{"line":242,"column":54}},"141":{"start":{"line":243,"column":10},"end":{"line":243,"column":55}},"142":{"start":{"line":244,"column":10},"end":{"line":244,"column":17}},"143":{"start":{"line":247,"column":6},"end":{"line":253,"column":9}},"144":{"start":{"line":248,"column":8},"end":{"line":252,"column":11}},"145":{"start":{"line":249,"column":10},"end":{"line":249,"column":54}},"146":{"start":{"line":250,"column":10},"end":{"line":250,"column":55}},"147":{"start":{"line":251,"column":10},"end":{"line":251,"column":17}},"148":{"start":{"line":255,"column":4},"end":{"line":276,"column":7}},"149":{"start":{"line":256,"column":6},"end":{"line":275,"column":9}},"150":{"start":{"line":257,"column":24},"end":{"line":263,"column":9}},"151":{"start":{"line":264,"column":8},"end":{"line":274,"column":11}},"152":{"start":{"line":265,"column":10},"end":{"line":265,"column":55}},"153":{"start":{"line":273,"column":10},"end":{"line":273,"column":17}}},"fnMap":{"0":{"name":"_interopRequireDefault","decl":{"start":{"line":9,"column":9},"end":{"line":9,"column":31}},"loc":{"start":{"line":9,"column":37},"end":{"line":9,"column":97}},"line":9},"1":{"name":"(anonymous_1)","decl":{"start":{"line":15,"column":55},"end":{"line":15,"column":56}},"loc":{"start":{"line":15,"column":67},"end":{"line":278,"column":1}},"line":15},"2":{"name":"(anonymous_2)","decl":{"start":{"line":16,"column":58},"end":{"line":16,"column":59}},"loc":{"start":{"line":16,"column":70},"end":{"line":26,"column":3}},"line":16},"3":{"name":"(anonymous_3)","decl":{"start":{"line":17,"column":44},"end":{"line":17,"column":45}},"loc":{"start":{"line":17,"column":60},"end":{"line":25,"column":5}},"line":17},"4":{"name":"(anonymous_4)","decl":{"start":{"line":18,"column":79},"end":{"line":18,"column":80}},"loc":{"start":{"line":18,"column":99},"end":{"line":24,"column":7}},"line":18},"5":{"name":"(anonymous_5)","decl":{"start":{"line":27,"column":60},"end":{"line":27,"column":61}},"loc":{"start":{"line":27,"column":72},"end":{"line":38,"column":3}},"line":27},"6":{"name":"(anonymous_6)","decl":{"start":{"line":28,"column":35},"end":{"line":28,"column":36}},"loc":{"start":{"line":28,"column":51},"end":{"line":37,"column":5}},"line":28},"7":{"name":"(anonymous_7)","decl":{"start":{"line":29,"column":85},"end":{"line":29,"column":86}},"loc":{"start":{"line":29,"column":105},"end":{"line":36,"column":7}},"line":29},"8":{"name":"(anonymous_8)","decl":{"start":{"line":39,"column":39},"end":{"line":39,"column":40}},"loc":{"start":{"line":39,"column":51},"end":{"line":277,"column":3}},"line":39},"9":{"name":"(anonymous_9)","decl":{"start":{"line":40,"column":49},"end":{"line":40,"column":50}},"loc":{"start":{"line":40,"column":61},"end":{"line":122,"column":5}},"line":40},"10":{"name":"(anonymous_10)","decl":{"start":{"line":41,"column":64},"end":{"line":41,"column":65}},"loc":{"start":{"line":41,"column":80},"end":{"line":61,"column":7}},"line":41},"11":{"name":"(anonymous_11)","decl":{"start":{"line":50,"column":78},"end":{"line":50,"column":79}},"loc":{"start":{"line":50,"column":98},"end":{"line":60,"column":9}},"line":50},"12":{"name":"(anonymous_12)","decl":{"start":{"line":62,"column":74},"end":{"line":62,"column":75}},"loc":{"start":{"line":62,"column":90},"end":{"line":76,"column":7}},"line":62},"13":{"name":"(anonymous_13)","decl":{"start":{"line":71,"column":78},"end":{"line":71,"column":79}},"loc":{"start":{"line":71,"column":98},"end":{"line":75,"column":9}},"line":71},"14":{"name":"(anonymous_14)","decl":{"start":{"line":77,"column":68},"end":{"line":77,"column":69}},"loc":{"start":{"line":77,"column":84},"end":{"line":85,"column":7}},"line":77},"15":{"name":"(anonymous_15)","decl":{"start":{"line":78,"column":69},"end":{"line":78,"column":70}},"loc":{"start":{"line":78,"column":89},"end":{"line":84,"column":9}},"line":78},"16":{"name":"(anonymous_16)","decl":{"start":{"line":86,"column":69},"end":{"line":86,"column":70}},"loc":{"start":{"line":86,"column":85},"end":{"line":103,"column":7}},"line":86},"17":{"name":"(anonymous_17)","decl":{"start":{"line":94,"column":27},"end":{"line":94,"column":28}},"loc":{"start":{"line":94,"column":47},"end":{"line":102,"column":9}},"line":94},"18":{"name":"(anonymous_18)","decl":{"start":{"line":104,"column":69},"end":{"line":104,"column":70}},"loc":{"start":{"line":104,"column":85},"end":{"line":121,"column":7}},"line":104},"19":{"name":"(anonymous_19)","decl":{"start":{"line":112,"column":27},"end":{"line":112,"column":28}},"loc":{"start":{"line":112,"column":47},"end":{"line":120,"column":9}},"line":112},"20":{"name":"(anonymous_20)","decl":{"start":{"line":123,"column":48},"end":{"line":123,"column":49}},"loc":{"start":{"line":123,"column":60},"end":{"line":196,"column":5}},"line":123},"21":{"name":"(anonymous_21)","decl":{"start":{"line":124,"column":60},"end":{"line":124,"column":61}},"loc":{"start":{"line":124,"column":76},"end":{"line":133,"column":7}},"line":124},"22":{"name":"(anonymous_22)","decl":{"start":{"line":128,"column":27},"end":{"line":128,"column":28}},"loc":{"start":{"line":128,"column":47},"end":{"line":132,"column":9}},"line":128},"23":{"name":"(anonymous_23)","decl":{"start":{"line":134,"column":65},"end":{"line":134,"column":66}},"loc":{"start":{"line":134,"column":81},"end":{"line":142,"column":7}},"line":134},"24":{"name":"(anonymous_24)","decl":{"start":{"line":135,"column":69},"end":{"line":135,"column":70}},"loc":{"start":{"line":135,"column":89},"end":{"line":141,"column":9}},"line":135},"25":{"name":"(anonymous_25)","decl":{"start":{"line":143,"column":67},"end":{"line":143,"column":68}},"loc":{"start":{"line":143,"column":83},"end":{"line":152,"column":7}},"line":143},"26":{"name":"(anonymous_26)","decl":{"start":{"line":147,"column":27},"end":{"line":147,"column":28}},"loc":{"start":{"line":147,"column":47},"end":{"line":151,"column":9}},"line":147},"27":{"name":"(anonymous_27)","decl":{"start":{"line":153,"column":68},"end":{"line":153,"column":69}},"loc":{"start":{"line":153,"column":84},"end":{"line":162,"column":7}},"line":153},"28":{"name":"(anonymous_28)","decl":{"start":{"line":157,"column":27},"end":{"line":157,"column":28}},"loc":{"start":{"line":157,"column":47},"end":{"line":161,"column":9}},"line":157},"29":{"name":"(anonymous_29)","decl":{"start":{"line":163,"column":55},"end":{"line":163,"column":56}},"loc":{"start":{"line":163,"column":71},"end":{"line":175,"column":7}},"line":163},"30":{"name":"(anonymous_30)","decl":{"start":{"line":168,"column":75},"end":{"line":168,"column":76}},"loc":{"start":{"line":168,"column":95},"end":{"line":174,"column":9}},"line":168},"31":{"name":"(anonymous_31)","decl":{"start":{"line":176,"column":55},"end":{"line":176,"column":56}},"loc":{"start":{"line":176,"column":71},"end":{"line":188,"column":7}},"line":176},"32":{"name":"(anonymous_32)","decl":{"start":{"line":179,"column":27},"end":{"line":179,"column":28}},"loc":{"start":{"line":179,"column":47},"end":{"line":187,"column":9}},"line":179},"33":{"name":"(anonymous_33)","decl":{"start":{"line":189,"column":55},"end":{"line":189,"column":56}},"loc":{"start":{"line":189,"column":71},"end":{"line":195,"column":7}},"line":189},"34":{"name":"(anonymous_34)","decl":{"start":{"line":190,"column":96},"end":{"line":190,"column":97}},"loc":{"start":{"line":190,"column":116},"end":{"line":194,"column":9}},"line":190},"35":{"name":"(anonymous_35)","decl":{"start":{"line":197,"column":68},"end":{"line":197,"column":69}},"loc":{"start":{"line":197,"column":80},"end":{"line":254,"column":5}},"line":197},"36":{"name":"(anonymous_36)","decl":{"start":{"line":198,"column":76},"end":{"line":198,"column":77}},"loc":{"start":{"line":198,"column":92},"end":{"line":204,"column":7}},"line":198},"37":{"name":"(anonymous_37)","decl":{"start":{"line":199,"column":87},"end":{"line":199,"column":88}},"loc":{"start":{"line":199,"column":107},"end":{"line":203,"column":9}},"line":199},"38":{"name":"(anonymous_38)","decl":{"start":{"line":205,"column":77},"end":{"line":205,"column":78}},"loc":{"start":{"line":205,"column":93},"end":{"line":211,"column":7}},"line":205},"39":{"name":"(anonymous_39)","decl":{"start":{"line":206,"column":84},"end":{"line":206,"column":85}},"loc":{"start":{"line":206,"column":104},"end":{"line":210,"column":9}},"line":206},"40":{"name":"(anonymous_40)","decl":{"start":{"line":212,"column":92},"end":{"line":212,"column":93}},"loc":{"start":{"line":212,"column":108},"end":{"line":218,"column":7}},"line":212},"41":{"name":"(anonymous_41)","decl":{"start":{"line":213,"column":86},"end":{"line":213,"column":87}},"loc":{"start":{"line":213,"column":106},"end":{"line":217,"column":9}},"line":213},"42":{"name":"(anonymous_42)","decl":{"start":{"line":219,"column":88},"end":{"line":219,"column":89}},"loc":{"start":{"line":219,"column":104},"end":{"line":225,"column":7}},"line":219},"43":{"name":"(anonymous_43)","decl":{"start":{"line":220,"column":90},"end":{"line":220,"column":91}},"loc":{"start":{"line":220,"column":110},"end":{"line":224,"column":9}},"line":220},"44":{"name":"(anonymous_44)","decl":{"start":{"line":226,"column":93},"end":{"line":226,"column":94}},"loc":{"start":{"line":226,"column":109},"end":{"line":232,"column":7}},"line":226},"45":{"name":"(anonymous_45)","decl":{"start":{"line":227,"column":100},"end":{"line":227,"column":101}},"loc":{"start":{"line":227,"column":120},"end":{"line":231,"column":9}},"line":227},"46":{"name":"(anonymous_46)","decl":{"start":{"line":233,"column":93},"end":{"line":233,"column":94}},"loc":{"start":{"line":233,"column":109},"end":{"line":239,"column":7}},"line":233},"47":{"name":"(anonymous_47)","decl":{"start":{"line":234,"column":102},"end":{"line":234,"column":103}},"loc":{"start":{"line":234,"column":122},"end":{"line":238,"column":9}},"line":234},"48":{"name":"(anonymous_48)","decl":{"start":{"line":240,"column":103},"end":{"line":240,"column":104}},"loc":{"start":{"line":240,"column":119},"end":{"line":246,"column":7}},"line":240},"49":{"name":"(anonymous_49)","decl":{"start":{"line":241,"column":96},"end":{"line":241,"column":97}},"loc":{"start":{"line":241,"column":116},"end":{"line":245,"column":9}},"line":241},"50":{"name":"(anonymous_50)","decl":{"start":{"line":247,"column":103},"end":{"line":247,"column":104}},"loc":{"start":{"line":247,"column":119},"end":{"line":253,"column":7}},"line":247},"51":{"name":"(anonymous_51)","decl":{"start":{"line":248,"column":100},"end":{"line":248,"column":101}},"loc":{"start":{"line":248,"column":120},"end":{"line":252,"column":9}},"line":248},"52":{"name":"(anonymous_52)","decl":{"start":{"line":255,"column":47},"end":{"line":255,"column":48}},"loc":{"start":{"line":255,"column":59},"end":{"line":276,"column":5}},"line":255},"53":{"name":"(anonymous_53)","decl":{"start":{"line":256,"column":68},"end":{"line":256,"column":69}},"loc":{"start":{"line":256,"column":84},"end":{"line":275,"column":7}},"line":256},"54":{"name":"(anonymous_54)","decl":{"start":{"line":264,"column":70},"end":{"line":264,"column":71}},"loc":{"start":{"line":264,"column":90},"end":{"line":274,"column":9}},"line":264}},"branchMap":{"0":{"loc":{"start":{"line":9,"column":46},"end":{"line":9,"column":94}},"type":"cond-expr","locations":[{"start":{"line":9,"column":70},"end":{"line":9,"column":73}},{"start":{"line":9,"column":76},"end":{"line":9,"column":94}}],"line":9},"1":{"loc":{"start":{"line":9,"column":46},"end":{"line":9,"column":67}},"type":"binary-expr","locations":[{"start":{"line":9,"column":46},"end":{"line":9,"column":49}},{"start":{"line":9,"column":53},"end":{"line":9,"column":67}}],"line":9},"2":{"loc":{"start":{"line":22,"column":8},"end":{"line":22,"column":27}},"type":"if","locations":[{"start":{"line":22,"column":8},"end":{"line":22,"column":27}},{"start":{"line":22,"column":8},"end":{"line":22,"column":27}}],"line":22},"3":{"loc":{"start":{"line":34,"column":8},"end":{"line":34,"column":27}},"type":"if","locations":[{"start":{"line":34,"column":8},"end":{"line":34,"column":27}},{"start":{"line":34,"column":8},"end":{"line":34,"column":27}}],"line":34},"4":{"loc":{"start":{"line":58,"column":10},"end":{"line":58,"column":29}},"type":"if","locations":[{"start":{"line":58,"column":10},"end":{"line":58,"column":29}},{"start":{"line":58,"column":10},"end":{"line":58,"column":29}}],"line":58}},"s":{"0":1,"1":1,"2":1,"3":3,"4":1,"5":1,"6":1,"7":1,"8":1,"9":1,"10":1,"11":1,"12":1,"13":0,"14":1,"15":1,"16":1,"17":1,"18":1,"19":1,"20":0,"21":1,"22":1,"23":1,"24":1,"25":1,"26":1,"27":1,"28":1,"29":1,"30":1,"31":1,"32":1,"33":1,"34":1,"35":0,"36":1,"37":1,"38":1,"39":1,"40":1,"41":1,"42":1,"43":1,"44":1,"45":1,"46":1,"47":1,"48":1,"49":1,"50":1,"51":1,"52":1,"53":1,"54":1,"55":1,"56":1,"57":1,"58":1,"59":1,"60":1,"61":1,"62":1,"63":1,"64":1,"65":1,"66":1,"67":1,"68":1,"69":1,"70":1,"71":1,"72":1,"73":1,"74":1,"75":1,"76":1,"77":1,"78":1,"79":1,"80":1,"81":1,"82":1,"83":1,"84":1,"85":1,"86":1,"87":1,"88":1,"89":1,"90":1,"91":1,"92":1,"93":1,"94":1,"95":1,"96":1,"97":1,"98":1,"99":1,"100":1,"101":1,"102":1,"103":1,"104":1,"105":1,"106":1,"107":1,"108":1,"109":1,"110":1,"111":1,"112":1,"113":1,"114":1,"115":1,"116":1,"117":1,"118":1,"119":1,"120":1,"121":1,"122":1,"123":1,"124":1,"125":1,"126":1,"127":1,"128":1,"129":1,"130":1,"131":1,"132":1,"133":1,"134":1,"135":1,"136":1,"137":1,"138":1,"139":1,"140":1,"141":1,"142":1,"143":1,"144":1,"145":1,"146":1,"147":1,"148":1,"149":1,"150":1,"151":1,"152":1,"153":1},"f":{"0":3,"1":1,"2":1,"3":1,"4":1,"5":1,"6":1,"7":1,"8":1,"9":1,"10":1,"11":1,"12":1,"13":1,"14":1,"15":1,"16":1,"17":1,"18":1,"19":1,"20":1,"21":1,"22":1,"23":1,"24":1,"25":1,"26":1,"27":1,"28":1,"29":1,"30":1,"31":1,"32":1,"33":1,"34":1,"35":1,"36":1,"37":1,"38":1,"39":1,"40":1,"41":1,"42":1,"43":1,"44":1,"45":1,"46":1,"47":1,"48":1,"49":1,"50":1,"51":1,"52":1,"53":1,"54":1},"b":{"0":[1,2],"1":[3,3],"2":[0,1],"3":[0,1],"4":[0,1]},"_coverageSchema":"43e27e138ebf9cfc5966b082cf9a028302ed4184","hash":"4898bb14ea442c641095a06793464125866741c2","contentHash":"46a872fe77423db73cb775f1fa83f051"},"C:\\Users\\Maurice\\Projects\\QuickCredit\\server\\app.js":{"path":"C:\\Users\\Maurice\\Projects\\QuickCredit\\server\\app.js","statementMap":{"0":{"start":{"line":3,"column":0},"end":{"line":5,"column":3}},"1":{"start":{"line":6,"column":0},"end":{"line":6,"column":28}},"2":{"start":{"line":8,"column":15},"end":{"line":8,"column":57}},"3":{"start":{"line":10,"column":18},"end":{"line":10,"column":64}},"4":{"start":{"line":12,"column":14},"end":{"line":12,"column":64}},"5":{"start":{"line":14,"column":13},"end":{"line":14,"column":53}},"6":{"start":{"line":16,"column":39},"end":{"line":16,"column":95}},"7":{"start":{"line":19,"column":10},"end":{"line":19,"column":36}},"8":{"start":{"line":20,"column":11},"end":{"line":20,"column":49}},"9":{"start":{"line":21,"column":0},"end":{"line":21,"column":39}},"10":{"start":{"line":22,"column":0},"end":{"line":24,"column":4}},"11":{"start":{"line":25,"column":0},"end":{"line":29,"column":3}},"12":{"start":{"line":26,"column":2},"end":{"line":28,"column":5}},"13":{"start":{"line":30,"column":0},"end":{"line":30,"column":39}},"14":{"start":{"line":31,"column":0},"end":{"line":37,"column":3}},"15":{"start":{"line":32,"column":2},"end":{"line":32,"column":18}},"16":{"start":{"line":33,"column":2},"end":{"line":36,"column":5}},"17":{"start":{"line":38,"column":0},"end":{"line":40,"column":3}},"18":{"start":{"line":39,"column":2},"end":{"line":39,"column":61}},"19":{"start":{"line":41,"column":15},"end":{"line":41,"column":18}},"20":{"start":{"line":42,"column":0},"end":{"line":42,"column":30}}},"fnMap":{"0":{"name":"_interopRequireDefault","decl":{"start":{"line":16,"column":9},"end":{"line":16,"column":31}},"loc":{"start":{"line":16,"column":37},"end":{"line":16,"column":97}},"line":16},"1":{"name":"(anonymous_1)","decl":{"start":{"line":25,"column":13},"end":{"line":25,"column":14}},"loc":{"start":{"line":25,"column":33},"end":{"line":29,"column":1}},"line":25},"2":{"name":"(anonymous_2)","decl":{"start":{"line":31,"column":13},"end":{"line":31,"column":14}},"loc":{"start":{"line":31,"column":33},"end":{"line":37,"column":1}},"line":31},"3":{"name":"(anonymous_3)","decl":{"start":{"line":38,"column":17},"end":{"line":38,"column":18}},"loc":{"start":{"line":38,"column":29},"end":{"line":40,"column":1}},"line":38}},"branchMap":{"0":{"loc":{"start":{"line":16,"column":46},"end":{"line":16,"column":94}},"type":"cond-expr","locations":[{"start":{"line":16,"column":70},"end":{"line":16,"column":73}},{"start":{"line":16,"column":76},"end":{"line":16,"column":94}}],"line":16},"1":{"loc":{"start":{"line":16,"column":46},"end":{"line":16,"column":67}},"type":"binary-expr","locations":[{"start":{"line":16,"column":46},"end":{"line":16,"column":49}},{"start":{"line":16,"column":53},"end":{"line":16,"column":67}}],"line":16},"2":{"loc":{"start":{"line":20,"column":11},"end":{"line":20,"column":49}},"type":"binary-expr","locations":[{"start":{"line":20,"column":11},"end":{"line":20,"column":41}},{"start":{"line":20,"column":45},"end":{"line":20,"column":49}}],"line":20}},"s":{"0":1,"1":1,"2":1,"3":1,"4":1,"5":1,"6":4,"7":1,"8":1,"9":1,"10":1,"11":1,"12":1,"13":1,"14":1,"15":1,"16":1,"17":1,"18":1,"19":1,"20":1},"f":{"0":4,"1":1,"2":1,"3":1},"b":{"0":[1,3],"1":[4,4],"2":[1,1]},"_coverageSchema":"43e27e138ebf9cfc5966b082cf9a028302ed4184","hash":"ee56ba23442fb4d3f8593ff8951466cf5bd49eef","contentHash":"dc897ce6bcba6df2b44cbaf0bc0dc634"},"C:\\Users\\Maurice\\Projects\\QuickCredit\\server\\routes\\router.js":{"path":"C:\\Users\\Maurice\\Projects\\QuickCredit\\server\\routes\\router.js","statementMap":{"0":{"start":{"line":3,"column":0},"end":{"line":5,"column":3}},"1":{"start":{"line":6,"column":0},"end":{"line":6,"column":28}},"2":{"start":{"line":8,"column":15},"end":{"line":8,"column":57}},"3":{"start":{"line":10,"column":22},"end":{"line":10,"column":86}},"4":{"start":{"line":12,"column":22},"end":{"line":12,"column":86}},"5":{"start":{"line":14,"column":27},"end":{"line":14,"column":96}},"6":{"start":{"line":16,"column":22},"end":{"line":16,"column":86}},"7":{"start":{"line":18,"column":31},"end":{"line":18,"column":104}},"8":{"start":{"line":20,"column":26},"end":{"line":20,"column":94}},"9":{"start":{"line":22,"column":39},"end":{"line":22,"column":95}},"10":{"start":{"line":24,"column":13},"end":{"line":24,"column":41}},"11":{"start":{"line":26,"column":0},"end":{"line":26,"column":104}},"12":{"start":{"line":27,"column":0},"end":{"line":27,"column":104}},"13":{"start":{"line":28,"column":0},"end":{"line":28,"column":123}},"14":{"start":{"line":29,"column":0},"end":{"line":29,"column":97}},"15":{"start":{"line":30,"column":0},"end":{"line":30,"column":74}},"16":{"start":{"line":31,"column":0},"end":{"line":31,"column":78}},"17":{"start":{"line":32,"column":0},"end":{"line":32,"column":163}},"18":{"start":{"line":33,"column":0},"end":{"line":33,"column":90}},"19":{"start":{"line":34,"column":0},"end":{"line":34,"column":147}},"20":{"start":{"line":35,"column":0},"end":{"line":35,"column":100}},"21":{"start":{"line":36,"column":15},"end":{"line":36,"column":21}},"22":{"start":{"line":37,"column":0},"end":{"line":37,"column":30}}},"fnMap":{"0":{"name":"_interopRequireDefault","decl":{"start":{"line":22,"column":9},"end":{"line":22,"column":31}},"loc":{"start":{"line":22,"column":37},"end":{"line":22,"column":97}},"line":22}},"branchMap":{"0":{"loc":{"start":{"line":22,"column":46},"end":{"line":22,"column":94}},"type":"cond-expr","locations":[{"start":{"line":22,"column":70},"end":{"line":22,"column":73}},{"start":{"line":22,"column":76},"end":{"line":22,"column":94}}],"line":22},"1":{"loc":{"start":{"line":22,"column":46},"end":{"line":22,"column":67}},"type":"binary-expr","locations":[{"start":{"line":22,"column":46},"end":{"line":22,"column":49}},{"start":{"line":22,"column":53},"end":{"line":22,"column":67}}],"line":22}},"s":{"0":1,"1":1,"2":1,"3":1,"4":1,"5":1,"6":1,"7":1,"8":1,"9":7,"10":1,"11":1,"12":1,"13":1,"14":1,"15":1,"16":1,"17":1,"18":1,"19":1,"20":1,"21":1,"22":1},"f":{"0":7},"b":{"0":[6,1],"1":[7,7]},"_coverageSchema":"43e27e138ebf9cfc5966b082cf9a028302ed4184","hash":"30b9bbf6c0fc6e1ee4c20e3fa65d109cadcae799","contentHash":"98f7ac50f5441c557a920ce009672ad3"},"C:\\Users\\Maurice\\Projects\\QuickCredit\\server\\controllers\\userController.js":{"path":"C:\\Users\\Maurice\\Projects\\QuickCredit\\server\\controllers\\userController.js","statementMap":{"0":{"start":{"line":3,"column":0},"end":{"line":5,"column":3}},"1":{"start":{"line":6,"column":0},"end":{"line":6,"column":28}},"2":{"start":{"line":8,"column":17},"end":{"line":8,"column":71}},"3":{"start":{"line":10,"column":20},"end":{"line":10,"column":67}},"4":{"start":{"line":12,"column":16},"end":{"line":12,"column":59}},"5":{"start":{"line":14,"column":14},"end":{"line":14,"column":55}},"6":{"start":{"line":16,"column":17},"end":{"line":16,"column":71}},"7":{"start":{"line":18,"column":26},"end":{"line":18,"column":89}},"8":{"start":{"line":20,"column":39},"end":{"line":20,"column":95}},"9":{"start":{"line":22,"column":50},"end":{"line":22,"column":151}},"10":{"start":{"line":22,"column":92},"end":{"line":22,"column":149}},"11":{"start":{"line":24,"column":44},"end":{"line":24,"column":315}},"12":{"start":{"line":24,"column":102},"end":{"line":24,"column":110}},"13":{"start":{"line":24,"column":112},"end":{"line":24,"column":167}},"14":{"start":{"line":24,"column":168},"end":{"line":24,"column":199}},"15":{"start":{"line":24,"column":200},"end":{"line":24,"column":254}},"16":{"start":{"line":24,"column":227},"end":{"line":24,"column":254}},"17":{"start":{"line":24,"column":255},"end":{"line":24,"column":313}},"18":{"start":{"line":26,"column":62},"end":{"line":26,"column":131}},"19":{"start":{"line":26,"column":78},"end":{"line":26,"column":131}},"20":{"start":{"line":26,"column":132},"end":{"line":26,"column":193}},"21":{"start":{"line":26,"column":149},"end":{"line":26,"column":193}},"22":{"start":{"line":26,"column":194},"end":{"line":26,"column":213}},"23":{"start":{"line":28,"column":0},"end":{"line":28,"column":28}},"24":{"start":{"line":32,"column":0},"end":{"line":348,"column":3}},"25":{"start":{"line":34,"column":4},"end":{"line":34,"column":40}},"26":{"start":{"line":37,"column":2},"end":{"line":345,"column":6}},"27":{"start":{"line":40,"column":19},"end":{"line":40,"column":81}},"28":{"start":{"line":41,"column":22},"end":{"line":41,"column":30}},"29":{"start":{"line":42,"column":22},"end":{"line":42,"column":41}},"30":{"start":{"line":43,"column":21},"end":{"line":43,"column":39}},"31":{"start":{"line":44,"column":18},"end":{"line":44,"column":33}},"32":{"start":{"line":45,"column":21},"end":{"line":45,"column":39}},"33":{"start":{"line":46,"column":24},"end":{"line":46,"column":45}},"34":{"start":{"line":47,"column":24},"end":{"line":47,"column":45}},"35":{"start":{"line":49,"column":27},"end":{"line":49,"column":70}},"36":{"start":{"line":51,"column":6},"end":{"line":58,"column":7}},"37":{"start":{"line":52,"column":8},"end":{"line":57,"column":9}},"38":{"start":{"line":53,"column":10},"end":{"line":56,"column":13}},"39":{"start":{"line":60,"column":20},"end":{"line":63,"column":7}},"40":{"start":{"line":65,"column":6},"end":{"line":91,"column":7}},"41":{"start":{"line":66,"column":20},"end":{"line":68,"column":10}},"42":{"start":{"line":71,"column":8},"end":{"line":71,"column":26}},"43":{"start":{"line":73,"column":8},"end":{"line":81,"column":11}},"44":{"start":{"line":83,"column":8},"end":{"line":90,"column":11}},"45":{"start":{"line":93,"column":6},"end":{"line":96,"column":9}},"46":{"start":{"line":101,"column":23},"end":{"line":101,"column":31}},"47":{"start":{"line":102,"column":18},"end":{"line":102,"column":34}},"48":{"start":{"line":103,"column":21},"end":{"line":103,"column":40}},"49":{"start":{"line":105,"column":22},"end":{"line":107,"column":8}},"50":{"start":{"line":106,"column":8},"end":{"line":106,"column":32}},"51":{"start":{"line":109,"column":6},"end":{"line":129,"column":7}},"52":{"start":{"line":110,"column":30},"end":{"line":110,"column":98}},"53":{"start":{"line":112,"column":8},"end":{"line":128,"column":9}},"54":{"start":{"line":113,"column":24},"end":{"line":115,"column":11}},"55":{"start":{"line":117,"column":22},"end":{"line":120,"column":12}},"56":{"start":{"line":122,"column":10},"end":{"line":122,"column":28}},"57":{"start":{"line":123,"column":10},"end":{"line":127,"column":13}},"58":{"start":{"line":131,"column":6},"end":{"line":134,"column":9}},"59":{"start":{"line":139,"column":24},"end":{"line":141,"column":8}},"60":{"start":{"line":140,"column":8},"end":{"line":140,"column":51}},"61":{"start":{"line":143,"column":6},"end":{"line":148,"column":7}},"62":{"start":{"line":144,"column":8},"end":{"line":147,"column":11}},"63":{"start":{"line":150,"column":6},"end":{"line":156,"column":7}},"64":{"start":{"line":151,"column":8},"end":{"line":151,"column":45}},"65":{"start":{"line":152,"column":8},"end":{"line":155,"column":11}},"66":{"start":{"line":161,"column":6},"end":{"line":168,"column":7}},"67":{"start":{"line":162,"column":8},"end":{"line":167,"column":11}},"68":{"start":{"line":170,"column":6},"end":{"line":173,"column":9}},"69":{"start":{"line":178,"column":6},"end":{"line":185,"column":7}},"70":{"start":{"line":179,"column":8},"end":{"line":184,"column":9}},"71":{"start":{"line":180,"column":10},"end":{"line":183,"column":13}},"72":{"start":{"line":187,"column":6},"end":{"line":190,"column":9}},"73":{"start":{"line":195,"column":24},"end":{"line":197,"column":8}},"74":{"start":{"line":196,"column":8},"end":{"line":196,"column":70}},"75":{"start":{"line":199,"column":6},"end":{"line":204,"column":9}},"76":{"start":{"line":209,"column":24},"end":{"line":211,"column":8}},"77":{"start":{"line":210,"column":8},"end":{"line":210,"column":71}},"78":{"start":{"line":213,"column":6},"end":{"line":218,"column":9}},"79":{"start":{"line":223,"column":6},"end":{"line":240,"column":7}},"80":{"start":{"line":224,"column":8},"end":{"line":234,"column":9}},"81":{"start":{"line":225,"column":10},"end":{"line":233,"column":13}},"82":{"start":{"line":236,"column":8},"end":{"line":239,"column":11}},"83":{"start":{"line":245,"column":18},"end":{"line":245,"column":84}},"84":{"start":{"line":246,"column":23},"end":{"line":246,"column":31}},"85":{"start":{"line":247,"column":22},"end":{"line":247,"column":42}},"86":{"start":{"line":248,"column":21},"end":{"line":248,"column":40}},"87":{"start":{"line":249,"column":18},"end":{"line":249,"column":34}},"88":{"start":{"line":250,"column":18},"end":{"line":250,"column":34}},"89":{"start":{"line":251,"column":19},"end":{"line":251,"column":36}},"90":{"start":{"line":252,"column":21},"end":{"line":252,"column":39}},"91":{"start":{"line":253,"column":31},"end":{"line":253,"column":49}},"92":{"start":{"line":254,"column":31},"end":{"line":254,"column":57}},"93":{"start":{"line":255,"column":20},"end":{"line":255,"column":47}},"94":{"start":{"line":256,"column":19},"end":{"line":256,"column":28}},"95":{"start":{"line":258,"column":6},"end":{"line":269,"column":9}},"96":{"start":{"line":271,"column":6},"end":{"line":276,"column":9}},"97":{"start":{"line":281,"column":19},"end":{"line":281,"column":34}},"98":{"start":{"line":283,"column":6},"end":{"line":303,"column":7}},"99":{"start":{"line":284,"column":8},"end":{"line":297,"column":9}},"100":{"start":{"line":285,"column":10},"end":{"line":285,"column":83}},"101":{"start":{"line":286,"column":10},"end":{"line":296,"column":13}},"102":{"start":{"line":299,"column":8},"end":{"line":302,"column":11}},"103":{"start":{"line":308,"column":18},"end":{"line":308,"column":98}},"104":{"start":{"line":309,"column":23},"end":{"line":309,"column":31}},"105":{"start":{"line":310,"column":19},"end":{"line":310,"column":36}},"106":{"start":{"line":311,"column":22},"end":{"line":311,"column":42}},"107":{"start":{"line":312,"column":19},"end":{"line":312,"column":36}},"108":{"start":{"line":313,"column":31},"end":{"line":313,"column":60}},"109":{"start":{"line":314,"column":23},"end":{"line":314,"column":44}},"110":{"start":{"line":315,"column":20},"end":{"line":315,"column":38}},"111":{"start":{"line":317,"column":6},"end":{"line":319,"column":9}},"112":{"start":{"line":318,"column":8},"end":{"line":318,"column":46}},"113":{"start":{"line":321,"column":6},"end":{"line":326,"column":7}},"114":{"start":{"line":322,"column":8},"end":{"line":325,"column":11}},"115":{"start":{"line":328,"column":6},"end":{"line":336,"column":9}},"116":{"start":{"line":338,"column":6},"end":{"line":343,"column":9}},"117":{"start":{"line":347,"column":2},"end":{"line":347,"column":22}},"118":{"start":{"line":350,"column":0},"end":{"line":350,"column":34}}},"fnMap":{"0":{"name":"_interopRequireDefault","decl":{"start":{"line":20,"column":9},"end":{"line":20,"column":31}},"loc":{"start":{"line":20,"column":37},"end":{"line":20,"column":97}},"line":20},"1":{"name":"_classCallCheck","decl":{"start":{"line":22,"column":9},"end":{"line":22,"column":24}},"loc":{"start":{"line":22,"column":48},"end":{"line":22,"column":153}},"line":22},"2":{"name":"_defineProperties","decl":{"start":{"line":24,"column":9},"end":{"line":24,"column":26}},"loc":{"start":{"line":24,"column":42},"end":{"line":24,"column":317}},"line":24},"3":{"name":"_createClass","decl":{"start":{"line":26,"column":9},"end":{"line":26,"column":21}},"loc":{"start":{"line":26,"column":60},"end":{"line":26,"column":215}},"line":26},"4":{"name":"(anonymous_4)","decl":{"start":{"line":32,"column":0},"end":{"line":32,"column":1}},"loc":{"start":{"line":32,"column":12},"end":{"line":348,"column":1}},"line":32},"5":{"name":"userDatabase","decl":{"start":{"line":33,"column":11},"end":{"line":33,"column":23}},"loc":{"start":{"line":33,"column":26},"end":{"line":35,"column":3}},"line":33},"6":{"name":"signUp","decl":{"start":{"line":39,"column":20},"end":{"line":39,"column":26}},"loc":{"start":{"line":39,"column":37},"end":{"line":97,"column":5}},"line":39},"7":{"name":"signIn","decl":{"start":{"line":100,"column":20},"end":{"line":100,"column":26}},"loc":{"start":{"line":100,"column":37},"end":{"line":135,"column":5}},"line":100},"8":{"name":"(anonymous_8)","decl":{"start":{"line":105,"column":49},"end":{"line":105,"column":50}},"loc":{"start":{"line":105,"column":62},"end":{"line":107,"column":7}},"line":105},"9":{"name":"verified","decl":{"start":{"line":138,"column":20},"end":{"line":138,"column":28}},"loc":{"start":{"line":138,"column":39},"end":{"line":157,"column":5}},"line":138},"10":{"name":"(anonymous_10)","decl":{"start":{"line":139,"column":51},"end":{"line":139,"column":52}},"loc":{"start":{"line":139,"column":67},"end":{"line":141,"column":7}},"line":139},"11":{"name":"allLoans","decl":{"start":{"line":160,"column":20},"end":{"line":160,"column":28}},"loc":{"start":{"line":160,"column":39},"end":{"line":174,"column":5}},"line":160},"12":{"name":"getOneLoan","decl":{"start":{"line":177,"column":20},"end":{"line":177,"column":30}},"loc":{"start":{"line":177,"column":41},"end":{"line":191,"column":5}},"line":177},"13":{"name":"repaidLoans","decl":{"start":{"line":194,"column":20},"end":{"line":194,"column":31}},"loc":{"start":{"line":194,"column":42},"end":{"line":205,"column":5}},"line":194},"14":{"name":"(anonymous_14)","decl":{"start":{"line":195,"column":53},"end":{"line":195,"column":54}},"loc":{"start":{"line":195,"column":71},"end":{"line":197,"column":7}},"line":195},"15":{"name":"unRepaidLoans","decl":{"start":{"line":208,"column":20},"end":{"line":208,"column":33}},"loc":{"start":{"line":208,"column":44},"end":{"line":219,"column":5}},"line":208},"16":{"name":"(anonymous_16)","decl":{"start":{"line":209,"column":53},"end":{"line":209,"column":54}},"loc":{"start":{"line":209,"column":71},"end":{"line":211,"column":7}},"line":209},"17":{"name":"repaymentHistory","decl":{"start":{"line":222,"column":20},"end":{"line":222,"column":36}},"loc":{"start":{"line":222,"column":47},"end":{"line":241,"column":5}},"line":222},"18":{"name":"apply","decl":{"start":{"line":244,"column":20},"end":{"line":244,"column":25}},"loc":{"start":{"line":244,"column":36},"end":{"line":277,"column":5}},"line":244},"19":{"name":"updateApproveOrReject","decl":{"start":{"line":280,"column":20},"end":{"line":280,"column":41}},"loc":{"start":{"line":280,"column":52},"end":{"line":304,"column":5}},"line":280},"20":{"name":"createRepaymentRecord","decl":{"start":{"line":307,"column":20},"end":{"line":307,"column":41}},"loc":{"start":{"line":307,"column":52},"end":{"line":344,"column":5}},"line":307},"21":{"name":"(anonymous_21)","decl":{"start":{"line":317,"column":42},"end":{"line":317,"column":43}},"loc":{"start":{"line":317,"column":55},"end":{"line":319,"column":7}},"line":317}},"branchMap":{"0":{"loc":{"start":{"line":20,"column":46},"end":{"line":20,"column":94}},"type":"cond-expr","locations":[{"start":{"line":20,"column":70},"end":{"line":20,"column":73}},{"start":{"line":20,"column":76},"end":{"line":20,"column":94}}],"line":20},"1":{"loc":{"start":{"line":20,"column":46},"end":{"line":20,"column":67}},"type":"binary-expr","locations":[{"start":{"line":20,"column":46},"end":{"line":20,"column":49}},{"start":{"line":20,"column":53},"end":{"line":20,"column":67}}],"line":20},"2":{"loc":{"start":{"line":22,"column":50},"end":{"line":22,"column":151}},"type":"if","locations":[{"start":{"line":22,"column":50},"end":{"line":22,"column":151}},{"start":{"line":22,"column":50},"end":{"line":22,"column":151}}],"line":22},"3":{"loc":{"start":{"line":24,"column":136},"end":{"line":24,"column":166}},"type":"binary-expr","locations":[{"start":{"line":24,"column":136},"end":{"line":24,"column":157}},{"start":{"line":24,"column":161},"end":{"line":24,"column":166}}],"line":24},"4":{"loc":{"start":{"line":24,"column":200},"end":{"line":24,"column":254}},"type":"if","locations":[{"start":{"line":24,"column":200},"end":{"line":24,"column":254}},{"start":{"line":24,"column":200},"end":{"line":24,"column":254}}],"line":24},"5":{"loc":{"start":{"line":26,"column":62},"end":{"line":26,"column":131}},"type":"if","locations":[{"start":{"line":26,"column":62},"end":{"line":26,"column":131}},{"start":{"line":26,"column":62},"end":{"line":26,"column":131}}],"line":26},"6":{"loc":{"start":{"line":26,"column":132},"end":{"line":26,"column":193}},"type":"if","locations":[{"start":{"line":26,"column":132},"end":{"line":26,"column":193}},{"start":{"line":26,"column":132},"end":{"line":26,"column":193}}],"line":26},"7":{"loc":{"start":{"line":52,"column":8},"end":{"line":57,"column":9}},"type":"if","locations":[{"start":{"line":52,"column":8},"end":{"line":57,"column":9}},{"start":{"line":52,"column":8},"end":{"line":57,"column":9}}],"line":52},"8":{"loc":{"start":{"line":65,"column":6},"end":{"line":91,"column":7}},"type":"if","locations":[{"start":{"line":65,"column":6},"end":{"line":91,"column":7}},{"start":{"line":65,"column":6},"end":{"line":91,"column":7}}],"line":65},"9":{"loc":{"start":{"line":109,"column":6},"end":{"line":129,"column":7}},"type":"if","locations":[{"start":{"line":109,"column":6},"end":{"line":129,"column":7}},{"start":{"line":109,"column":6},"end":{"line":129,"column":7}}],"line":109},"10":{"loc":{"start":{"line":112,"column":8},"end":{"line":128,"column":9}},"type":"if","locations":[{"start":{"line":112,"column":8},"end":{"line":128,"column":9}},{"start":{"line":112,"column":8},"end":{"line":128,"column":9}}],"line":112},"11":{"loc":{"start":{"line":143,"column":6},"end":{"line":148,"column":7}},"type":"if","locations":[{"start":{"line":143,"column":6},"end":{"line":148,"column":7}},{"start":{"line":143,"column":6},"end":{"line":148,"column":7}}],"line":143},"12":{"loc":{"start":{"line":150,"column":6},"end":{"line":156,"column":7}},"type":"if","locations":[{"start":{"line":150,"column":6},"end":{"line":156,"column":7}},{"start":{"line":150,"column":6},"end":{"line":156,"column":7}}],"line":150},"13":{"loc":{"start":{"line":150,"column":10},"end":{"line":150,"column":54}},"type":"binary-expr","locations":[{"start":{"line":150,"column":10},"end":{"line":150,"column":21}},{"start":{"line":150,"column":25},"end":{"line":150,"column":54}}],"line":150},"14":{"loc":{"start":{"line":161,"column":6},"end":{"line":168,"column":7}},"type":"if","locations":[{"start":{"line":161,"column":6},"end":{"line":168,"column":7}},{"start":{"line":161,"column":6},"end":{"line":168,"column":7}}],"line":161},"15":{"loc":{"start":{"line":179,"column":8},"end":{"line":184,"column":9}},"type":"if","locations":[{"start":{"line":179,"column":8},"end":{"line":184,"column":9}},{"start":{"line":179,"column":8},"end":{"line":184,"column":9}}],"line":179},"16":{"loc":{"start":{"line":196,"column":15},"end":{"line":196,"column":69}},"type":"binary-expr","locations":[{"start":{"line":196,"column":15},"end":{"line":196,"column":42}},{"start":{"line":196,"column":46},"end":{"line":196,"column":69}}],"line":196},"17":{"loc":{"start":{"line":210,"column":15},"end":{"line":210,"column":70}},"type":"binary-expr","locations":[{"start":{"line":210,"column":15},"end":{"line":210,"column":42}},{"start":{"line":210,"column":46},"end":{"line":210,"column":70}}],"line":210},"18":{"loc":{"start":{"line":224,"column":8},"end":{"line":234,"column":9}},"type":"if","locations":[{"start":{"line":224,"column":8},"end":{"line":234,"column":9}},{"start":{"line":224,"column":8},"end":{"line":234,"column":9}}],"line":224},"19":{"loc":{"start":{"line":284,"column":8},"end":{"line":297,"column":9}},"type":"if","locations":[{"start":{"line":284,"column":8},"end":{"line":297,"column":9}},{"start":{"line":284,"column":8},"end":{"line":297,"column":9}}],"line":284},"20":{"loc":{"start":{"line":285,"column":44},"end":{"line":285,"column":82}},"type":"binary-expr","locations":[{"start":{"line":285,"column":44},"end":{"line":285,"column":50}},{"start":{"line":285,"column":54},"end":{"line":285,"column":82}}],"line":285},"21":{"loc":{"start":{"line":321,"column":6},"end":{"line":326,"column":7}},"type":"if","locations":[{"start":{"line":321,"column":6},"end":{"line":326,"column":7}},{"start":{"line":321,"column":6},"end":{"line":326,"column":7}}],"line":321}},"s":{"0":1,"1":1,"2":1,"3":1,"4":1,"5":1,"6":1,"7":1,"8":6,"9":0,"10":0,"11":1,"12":11,"13":11,"14":11,"15":11,"16":11,"17":11,"18":1,"19":0,"20":1,"21":1,"22":1,"23":1,"24":1,"25":0,"26":1,"27":2,"28":2,"29":2,"30":2,"31":2,"32":2,"33":2,"34":2,"35":2,"36":2,"37":7,"38":1,"39":1,"40":1,"41":1,"42":1,"43":1,"44":1,"45":0,"46":1,"47":1,"48":1,"49":1,"50":4,"51":1,"52":1,"53":1,"54":1,"55":1,"56":1,"57":1,"58":0,"59":1,"60":2,"61":1,"62":0,"63":1,"64":1,"65":1,"66":1,"67":1,"68":1,"69":1,"70":5,"71":0,"72":1,"73":1,"74":5,"75":1,"76":1,"77":5,"78":1,"79":2,"80":2,"81":0,"82":2,"83":1,"84":1,"85":1,"86":1,"87":1,"88":1,"89":1,"90":1,"91":1,"92":1,"93":1,"94":1,"95":1,"96":1,"97":0,"98":0,"99":0,"100":0,"101":0,"102":0,"103":0,"104":0,"105":0,"106":0,"107":0,"108":0,"109":0,"110":0,"111":0,"112":0,"113":0,"114":0,"115":0,"116":0,"117":1,"118":1},"f":{"0":6,"1":0,"2":1,"3":1,"4":1,"5":0,"6":2,"7":1,"8":4,"9":1,"10":2,"11":1,"12":1,"13":1,"14":5,"15":1,"16":5,"17":2,"18":1,"19":0,"20":0,"21":0},"b":{"0":[3,3],"1":[6,6],"2":[0,0],"3":[11,11],"4":[11,0],"5":[0,1],"6":[1,0],"7":[1,6],"8":[1,0],"9":[1,0],"10":[1,0],"11":[0,1],"12":[1,0],"13":[1,1],"14":[1,0],"15":[0,5],"16":[5,4],"17":[5,4],"18":[0,2],"19":[0,0],"20":[0,0],"21":[0,0]},"_coverageSchema":"43e27e138ebf9cfc5966b082cf9a028302ed4184","hash":"49701074ad40c3ee47bc373715f37a552bc0c3ff","contentHash":"66bf94fbf336b48c836723b5de02f34d"},"C:\\Users\\Maurice\\Projects\\QuickCredit\\server\\models\\userModel.js":{"path":"C:\\Users\\Maurice\\Projects\\QuickCredit\\server\\models\\userModel.js","statementMap":{"0":{"start":{"line":3,"column":0},"end":{"line":5,"column":3}},"1":{"start":{"line":6,"column":0},"end":{"line":6,"column":28}},"2":{"start":{"line":7,"column":12},"end":{"line":37,"column":2}},"3":{"start":{"line":38,"column":15},"end":{"line":38,"column":20}},"4":{"start":{"line":39,"column":0},"end":{"line":39,"column":30}}},"fnMap":{},"branchMap":{},"s":{"0":1,"1":1,"2":1,"3":1,"4":1},"f":{},"b":{},"_coverageSchema":"43e27e138ebf9cfc5966b082cf9a028302ed4184","hash":"a22391311ef78b2e9b59863cd3c17de2dda5cc97","contentHash":"bd64017209f1a3cc80532359abf2ed74"},"C:\\Users\\Maurice\\Projects\\QuickCredit\\server\\models\\loanModel.js":{"path":"C:\\Users\\Maurice\\Projects\\QuickCredit\\server\\models\\loanModel.js","statementMap":{"0":{"start":{"line":3,"column":0},"end":{"line":5,"column":3}},"1":{"start":{"line":6,"column":0},"end":{"line":6,"column":28}},"2":{"start":{"line":7,"column":12},"end":{"line":72,"column":2}},"3":{"start":{"line":73,"column":15},"end":{"line":73,"column":20}},"4":{"start":{"line":74,"column":0},"end":{"line":74,"column":30}}},"fnMap":{},"branchMap":{},"s":{"0":1,"1":1,"2":1,"3":1,"4":1},"f":{},"b":{},"_coverageSchema":"43e27e138ebf9cfc5966b082cf9a028302ed4184","hash":"caab235a30238ea98bff6cafce1fa351d1975224","contentHash":"1c2e32a8f914fd072ba02bfd1e3c9577"},"C:\\Users\\Maurice\\Projects\\QuickCredit\\server\\models\\loanRepaymentModel.js":{"path":"C:\\Users\\Maurice\\Projects\\QuickCredit\\server\\models\\loanRepaymentModel.js","statementMap":{"0":{"start":{"line":3,"column":0},"end":{"line":5,"column":3}},"1":{"start":{"line":6,"column":0},"end":{"line":6,"column":28}},"2":{"start":{"line":7,"column":20},"end":{"line":23,"column":2}},"3":{"start":{"line":24,"column":15},"end":{"line":24,"column":28}},"4":{"start":{"line":25,"column":0},"end":{"line":25,"column":30}}},"fnMap":{},"branchMap":{},"s":{"0":1,"1":1,"2":1,"3":1,"4":1},"f":{},"b":{},"_coverageSchema":"43e27e138ebf9cfc5966b082cf9a028302ed4184","hash":"326825ac9ae41bda2d125219c7318ffcc48feaf8","contentHash":"e1aba9e36761bb88c751eda0584aa8be"},"C:\\Users\\Maurice\\Projects\\QuickCredit\\server\\middlewares\\uservalidation.js":{"path":"C:\\Users\\Maurice\\Projects\\QuickCredit\\server\\middlewares\\uservalidation.js","statementMap":{"0":{"start":{"line":3,"column":0},"end":{"line":5,"column":3}},"1":{"start":{"line":6,"column":0},"end":{"line":6,"column":28}},"2":{"start":{"line":8,"column":17},"end":{"line":8,"column":61}},"3":{"start":{"line":10,"column":39},"end":{"line":10,"column":95}},"4":{"start":{"line":12,"column":50},"end":{"line":12,"column":151}},"5":{"start":{"line":12,"column":92},"end":{"line":12,"column":149}},"6":{"start":{"line":14,"column":44},"end":{"line":14,"column":315}},"7":{"start":{"line":14,"column":102},"end":{"line":14,"column":110}},"8":{"start":{"line":14,"column":112},"end":{"line":14,"column":167}},"9":{"start":{"line":14,"column":168},"end":{"line":14,"column":199}},"10":{"start":{"line":14,"column":200},"end":{"line":14,"column":254}},"11":{"start":{"line":14,"column":227},"end":{"line":14,"column":254}},"12":{"start":{"line":14,"column":255},"end":{"line":14,"column":313}},"13":{"start":{"line":16,"column":62},"end":{"line":16,"column":131}},"14":{"start":{"line":16,"column":78},"end":{"line":16,"column":131}},"15":{"start":{"line":16,"column":132},"end":{"line":16,"column":193}},"16":{"start":{"line":16,"column":149},"end":{"line":16,"column":193}},"17":{"start":{"line":16,"column":194},"end":{"line":16,"column":213}},"18":{"start":{"line":20,"column":0},"end":{"line":164,"column":3}},"19":{"start":{"line":22,"column":4},"end":{"line":22,"column":41}},"20":{"start":{"line":25,"column":2},"end":{"line":161,"column":6}},"21":{"start":{"line":28,"column":22},"end":{"line":28,"column":30}},"22":{"start":{"line":29,"column":22},"end":{"line":29,"column":41}},"23":{"start":{"line":30,"column":21},"end":{"line":30,"column":39}},"24":{"start":{"line":31,"column":18},"end":{"line":31,"column":33}},"25":{"start":{"line":32,"column":21},"end":{"line":32,"column":39}},"26":{"start":{"line":33,"column":24},"end":{"line":33,"column":45}},"27":{"start":{"line":34,"column":24},"end":{"line":34,"column":45}},"28":{"start":{"line":35,"column":24},"end":{"line":35,"column":26}},"29":{"start":{"line":37,"column":6},"end":{"line":42,"column":7}},"30":{"start":{"line":38,"column":8},"end":{"line":41,"column":11}},"31":{"start":{"line":44,"column":6},"end":{"line":48,"column":7}},"32":{"start":{"line":47,"column":8},"end":{"line":47,"column":89}},"33":{"start":{"line":50,"column":6},"end":{"line":52,"column":7}},"34":{"start":{"line":51,"column":8},"end":{"line":51,"column":69}},"35":{"start":{"line":54,"column":6},"end":{"line":56,"column":7}},"36":{"start":{"line":55,"column":8},"end":{"line":55,"column":74}},"37":{"start":{"line":58,"column":6},"end":{"line":60,"column":7}},"38":{"start":{"line":59,"column":8},"end":{"line":59,"column":58}},"39":{"start":{"line":62,"column":6},"end":{"line":67,"column":7}},"40":{"start":{"line":66,"column":8},"end":{"line":66,"column":92}},"41":{"start":{"line":69,"column":6},"end":{"line":71,"column":7}},"42":{"start":{"line":70,"column":8},"end":{"line":70,"column":74}},"43":{"start":{"line":73,"column":6},"end":{"line":75,"column":7}},"44":{"start":{"line":74,"column":8},"end":{"line":74,"column":58}},"45":{"start":{"line":77,"column":6},"end":{"line":82,"column":7}},"46":{"start":{"line":81,"column":8},"end":{"line":81,"column":92}},"47":{"start":{"line":84,"column":6},"end":{"line":88,"column":7}},"48":{"start":{"line":87,"column":8},"end":{"line":87,"column":86}},"49":{"start":{"line":90,"column":6},"end":{"line":92,"column":7}},"50":{"start":{"line":91,"column":8},"end":{"line":91,"column":67}},"51":{"start":{"line":94,"column":6},"end":{"line":96,"column":7}},"52":{"start":{"line":95,"column":8},"end":{"line":95,"column":60}},"53":{"start":{"line":98,"column":6},"end":{"line":100,"column":7}},"54":{"start":{"line":99,"column":8},"end":{"line":99,"column":55}},"55":{"start":{"line":102,"column":6},"end":{"line":110,"column":7}},"56":{"start":{"line":103,"column":8},"end":{"line":107,"column":9}},"57":{"start":{"line":106,"column":10},"end":{"line":106,"column":88}},"58":{"start":{"line":109,"column":8},"end":{"line":109,"column":55}},"59":{"start":{"line":112,"column":6},"end":{"line":116,"column":7}},"60":{"start":{"line":113,"column":8},"end":{"line":115,"column":11}},"61":{"start":{"line":118,"column":6},"end":{"line":118,"column":13}},"62":{"start":{"line":123,"column":23},"end":{"line":123,"column":31}},"63":{"start":{"line":124,"column":18},"end":{"line":124,"column":34}},"64":{"start":{"line":125,"column":21},"end":{"line":125,"column":40}},"65":{"start":{"line":126,"column":23},"end":{"line":126,"column":25}},"66":{"start":{"line":128,"column":6},"end":{"line":133,"column":7}},"67":{"start":{"line":129,"column":8},"end":{"line":132,"column":11}},"68":{"start":{"line":135,"column":6},"end":{"line":137,"column":7}},"69":{"start":{"line":136,"column":8},"end":{"line":136,"column":59}},"70":{"start":{"line":139,"column":6},"end":{"line":141,"column":7}},"71":{"start":{"line":140,"column":8},"end":{"line":140,"column":54}},"72":{"start":{"line":143,"column":6},"end":{"line":151,"column":7}},"73":{"start":{"line":144,"column":8},"end":{"line":148,"column":9}},"74":{"start":{"line":147,"column":10},"end":{"line":147,"column":87}},"75":{"start":{"line":150,"column":8},"end":{"line":150,"column":54}},"76":{"start":{"line":153,"column":6},"end":{"line":157,"column":7}},"77":{"start":{"line":154,"column":8},"end":{"line":156,"column":11}},"78":{"start":{"line":159,"column":6},"end":{"line":159,"column":13}},"79":{"start":{"line":163,"column":2},"end":{"line":163,"column":23}},"80":{"start":{"line":166,"column":15},"end":{"line":166,"column":34}},"81":{"start":{"line":168,"column":0},"end":{"line":168,"column":30}}},"fnMap":{"0":{"name":"_interopRequireDefault","decl":{"start":{"line":10,"column":9},"end":{"line":10,"column":31}},"loc":{"start":{"line":10,"column":37},"end":{"line":10,"column":97}},"line":10},"1":{"name":"_classCallCheck","decl":{"start":{"line":12,"column":9},"end":{"line":12,"column":24}},"loc":{"start":{"line":12,"column":48},"end":{"line":12,"column":153}},"line":12},"2":{"name":"_defineProperties","decl":{"start":{"line":14,"column":9},"end":{"line":14,"column":26}},"loc":{"start":{"line":14,"column":42},"end":{"line":14,"column":317}},"line":14},"3":{"name":"_createClass","decl":{"start":{"line":16,"column":9},"end":{"line":16,"column":21}},"loc":{"start":{"line":16,"column":60},"end":{"line":16,"column":215}},"line":16},"4":{"name":"(anonymous_4)","decl":{"start":{"line":20,"column":0},"end":{"line":20,"column":1}},"loc":{"start":{"line":20,"column":12},"end":{"line":164,"column":1}},"line":20},"5":{"name":"userValidator","decl":{"start":{"line":21,"column":11},"end":{"line":21,"column":24}},"loc":{"start":{"line":21,"column":27},"end":{"line":23,"column":3}},"line":21},"6":{"name":"signUp","decl":{"start":{"line":27,"column":20},"end":{"line":27,"column":26}},"loc":{"start":{"line":27,"column":43},"end":{"line":119,"column":5}},"line":27},"7":{"name":"signIn","decl":{"start":{"line":122,"column":20},"end":{"line":122,"column":26}},"loc":{"start":{"line":122,"column":43},"end":{"line":160,"column":5}},"line":122}},"branchMap":{"0":{"loc":{"start":{"line":10,"column":46},"end":{"line":10,"column":94}},"type":"cond-expr","locations":[{"start":{"line":10,"column":70},"end":{"line":10,"column":73}},{"start":{"line":10,"column":76},"end":{"line":10,"column":94}}],"line":10},"1":{"loc":{"start":{"line":10,"column":46},"end":{"line":10,"column":67}},"type":"binary-expr","locations":[{"start":{"line":10,"column":46},"end":{"line":10,"column":49}},{"start":{"line":10,"column":53},"end":{"line":10,"column":67}}],"line":10},"2":{"loc":{"start":{"line":12,"column":50},"end":{"line":12,"column":151}},"type":"if","locations":[{"start":{"line":12,"column":50},"end":{"line":12,"column":151}},{"start":{"line":12,"column":50},"end":{"line":12,"column":151}}],"line":12},"3":{"loc":{"start":{"line":14,"column":136},"end":{"line":14,"column":166}},"type":"binary-expr","locations":[{"start":{"line":14,"column":136},"end":{"line":14,"column":157}},{"start":{"line":14,"column":161},"end":{"line":14,"column":166}}],"line":14},"4":{"loc":{"start":{"line":14,"column":200},"end":{"line":14,"column":254}},"type":"if","locations":[{"start":{"line":14,"column":200},"end":{"line":14,"column":254}},{"start":{"line":14,"column":200},"end":{"line":14,"column":254}}],"line":14},"5":{"loc":{"start":{"line":16,"column":62},"end":{"line":16,"column":131}},"type":"if","locations":[{"start":{"line":16,"column":62},"end":{"line":16,"column":131}},{"start":{"line":16,"column":62},"end":{"line":16,"column":131}}],"line":16},"6":{"loc":{"start":{"line":16,"column":132},"end":{"line":16,"column":193}},"type":"if","locations":[{"start":{"line":16,"column":132},"end":{"line":16,"column":193}},{"start":{"line":16,"column":132},"end":{"line":16,"column":193}}],"line":16},"7":{"loc":{"start":{"line":37,"column":6},"end":{"line":42,"column":7}},"type":"if","locations":[{"start":{"line":37,"column":6},"end":{"line":42,"column":7}},{"start":{"line":37,"column":6},"end":{"line":42,"column":7}}],"line":37},"8":{"loc":{"start":{"line":37,"column":10},"end":{"line":37,"column":161}},"type":"binary-expr","locations":[{"start":{"line":37,"column":10},"end":{"line":37,"column":32}},{"start":{"line":37,"column":36},"end":{"line":37,"column":57}},{"start":{"line":37,"column":61},"end":{"line":37,"column":79}},{"start":{"line":37,"column":83},"end":{"line":37,"column":104}},{"start":{"line":37,"column":108},"end":{"line":37,"column":132}},{"start":{"line":37,"column":136},"end":{"line":37,"column":161}}],"line":37},"9":{"loc":{"start":{"line":44,"column":6},"end":{"line":48,"column":7}},"type":"if","locations":[{"start":{"line":44,"column":6},"end":{"line":48,"column":7}},{"start":{"line":44,"column":6},"end":{"line":48,"column":7}}],"line":44},"10":{"loc":{"start":{"line":50,"column":6},"end":{"line":52,"column":7}},"type":"if","locations":[{"start":{"line":50,"column":6},"end":{"line":52,"column":7}},{"start":{"line":50,"column":6},"end":{"line":52,"column":7}}],"line":50},"11":{"loc":{"start":{"line":54,"column":6},"end":{"line":56,"column":7}},"type":"if","locations":[{"start":{"line":54,"column":6},"end":{"line":56,"column":7}},{"start":{"line":54,"column":6},"end":{"line":56,"column":7}}],"line":54},"12":{"loc":{"start":{"line":58,"column":6},"end":{"line":60,"column":7}},"type":"if","locations":[{"start":{"line":58,"column":6},"end":{"line":60,"column":7}},{"start":{"line":58,"column":6},"end":{"line":60,"column":7}}],"line":58},"13":{"loc":{"start":{"line":62,"column":6},"end":{"line":67,"column":7}},"type":"if","locations":[{"start":{"line":62,"column":6},"end":{"line":67,"column":7}},{"start":{"line":62,"column":6},"end":{"line":67,"column":7}}],"line":62},"14":{"loc":{"start":{"line":69,"column":6},"end":{"line":71,"column":7}},"type":"if","locations":[{"start":{"line":69,"column":6},"end":{"line":71,"column":7}},{"start":{"line":69,"column":6},"end":{"line":71,"column":7}}],"line":69},"15":{"loc":{"start":{"line":73,"column":6},"end":{"line":75,"column":7}},"type":"if","locations":[{"start":{"line":73,"column":6},"end":{"line":75,"column":7}},{"start":{"line":73,"column":6},"end":{"line":75,"column":7}}],"line":73},"16":{"loc":{"start":{"line":77,"column":6},"end":{"line":82,"column":7}},"type":"if","locations":[{"start":{"line":77,"column":6},"end":{"line":82,"column":7}},{"start":{"line":77,"column":6},"end":{"line":82,"column":7}}],"line":77},"17":{"loc":{"start":{"line":84,"column":6},"end":{"line":88,"column":7}},"type":"if","locations":[{"start":{"line":84,"column":6},"end":{"line":88,"column":7}},{"start":{"line":84,"column":6},"end":{"line":88,"column":7}}],"line":84},"18":{"loc":{"start":{"line":90,"column":6},"end":{"line":92,"column":7}},"type":"if","locations":[{"start":{"line":90,"column":6},"end":{"line":92,"column":7}},{"start":{"line":90,"column":6},"end":{"line":92,"column":7}}],"line":90},"19":{"loc":{"start":{"line":94,"column":6},"end":{"line":96,"column":7}},"type":"if","locations":[{"start":{"line":94,"column":6},"end":{"line":96,"column":7}},{"start":{"line":94,"column":6},"end":{"line":96,"column":7}}],"line":94},"20":{"loc":{"start":{"line":98,"column":6},"end":{"line":100,"column":7}},"type":"if","locations":[{"start":{"line":98,"column":6},"end":{"line":100,"column":7}},{"start":{"line":98,"column":6},"end":{"line":100,"column":7}}],"line":98},"21":{"loc":{"start":{"line":102,"column":6},"end":{"line":110,"column":7}},"type":"if","locations":[{"start":{"line":102,"column":6},"end":{"line":110,"column":7}},{"start":{"line":102,"column":6},"end":{"line":110,"column":7}}],"line":102},"22":{"loc":{"start":{"line":103,"column":8},"end":{"line":107,"column":9}},"type":"if","locations":[{"start":{"line":103,"column":8},"end":{"line":107,"column":9}},{"start":{"line":103,"column":8},"end":{"line":107,"column":9}}],"line":103},"23":{"loc":{"start":{"line":112,"column":6},"end":{"line":116,"column":7}},"type":"if","locations":[{"start":{"line":112,"column":6},"end":{"line":116,"column":7}},{"start":{"line":112,"column":6},"end":{"line":116,"column":7}}],"line":112},"24":{"loc":{"start":{"line":128,"column":6},"end":{"line":133,"column":7}},"type":"if","locations":[{"start":{"line":128,"column":6},"end":{"line":133,"column":7}},{"start":{"line":128,"column":6},"end":{"line":133,"column":7}}],"line":128},"25":{"loc":{"start":{"line":128,"column":10},"end":{"line":128,"column":53}},"type":"binary-expr","locations":[{"start":{"line":128,"column":10},"end":{"line":128,"column":28}},{"start":{"line":128,"column":32},"end":{"line":128,"column":53}}],"line":128},"26":{"loc":{"start":{"line":135,"column":6},"end":{"line":137,"column":7}},"type":"if","locations":[{"start":{"line":135,"column":6},"end":{"line":137,"column":7}},{"start":{"line":135,"column":6},"end":{"line":137,"column":7}}],"line":135},"27":{"loc":{"start":{"line":139,"column":6},"end":{"line":141,"column":7}},"type":"if","locations":[{"start":{"line":139,"column":6},"end":{"line":141,"column":7}},{"start":{"line":139,"column":6},"end":{"line":141,"column":7}}],"line":139},"28":{"loc":{"start":{"line":143,"column":6},"end":{"line":151,"column":7}},"type":"if","locations":[{"start":{"line":143,"column":6},"end":{"line":151,"column":7}},{"start":{"line":143,"column":6},"end":{"line":151,"column":7}}],"line":143},"29":{"loc":{"start":{"line":144,"column":8},"end":{"line":148,"column":9}},"type":"if","locations":[{"start":{"line":144,"column":8},"end":{"line":148,"column":9}},{"start":{"line":144,"column":8},"end":{"line":148,"column":9}}],"line":144},"30":{"loc":{"start":{"line":153,"column":6},"end":{"line":157,"column":7}},"type":"if","locations":[{"start":{"line":153,"column":6},"end":{"line":157,"column":7}},{"start":{"line":153,"column":6},"end":{"line":157,"column":7}}],"line":153}},"s":{"0":1,"1":1,"2":1,"3":1,"4":1,"5":0,"6":1,"7":2,"8":2,"9":2,"10":2,"11":2,"12":2,"13":1,"14":1,"15":1,"16":0,"17":1,"18":1,"19":1,"20":1,"21":5,"22":5,"23":5,"24":5,"25":5,"26":5,"27":5,"28":5,"29":5,"30":1,"31":4,"32":1,"33":4,"34":1,"35":4,"36":2,"37":4,"38":1,"39":4,"40":1,"41":4,"42":2,"43":4,"44":1,"45":4,"46":1,"47":4,"48":1,"49":4,"50":1,"51":4,"52":2,"53":4,"54":1,"55":4,"56":3,"57":1,"58":1,"59":4,"60":2,"61":2,"62":5,"63":5,"64":5,"65":5,"66":5,"67":1,"68":4,"69":3,"70":4,"71":2,"72":4,"73":3,"74":1,"75":1,"76":4,"77":3,"78":1,"79":1,"80":1,"81":1},"f":{"0":1,"1":1,"2":1,"3":1,"4":1,"5":1,"6":5,"7":5},"b":{"0":[0,1],"1":[1,1],"2":[0,1],"3":[2,2],"4":[2,0],"5":[1,0],"6":[0,1],"7":[1,4],"8":[5,4,4,4,4,4],"9":[1,3],"10":[1,3],"11":[2,2],"12":[1,3],"13":[1,3],"14":[2,2],"15":[1,3],"16":[1,3],"17":[1,3],"18":[1,3],"19":[2,2],"20":[1,3],"21":[3,1],"22":[1,2],"23":[2,2],"24":[1,4],"25":[5,4],"26":[3,1],"27":[2,2],"28":[3,1],"29":[1,2],"30":[3,1]},"_coverageSchema":"43e27e138ebf9cfc5966b082cf9a028302ed4184","hash":"14d9fb84e1678bb8cb9aaf983d3b72eb4bbead9b","contentHash":"ae08462323956190ea846583ac8addd1"},"C:\\Users\\Maurice\\Projects\\QuickCredit\\server\\middlewares\\tokenAuthentication.js":{"path":"C:\\Users\\Maurice\\Projects\\QuickCredit\\server\\middlewares\\tokenAuthentication.js","statementMap":{"0":{"start":{"line":3,"column":0},"end":{"line":5,"column":3}},"1":{"start":{"line":6,"column":0},"end":{"line":6,"column":28}},"2":{"start":{"line":8,"column":20},"end":{"line":8,"column":67}},"3":{"start":{"line":10,"column":14},"end":{"line":10,"column":55}},"4":{"start":{"line":12,"column":39},"end":{"line":12,"column":95}},"5":{"start":{"line":14,"column":0},"end":{"line":14,"column":28}},"6":{"start":{"line":16,"column":16},"end":{"line":39,"column":1}},"7":{"start":{"line":17,"column":14},"end":{"line":17,"column":80}},"8":{"start":{"line":19,"column":2},"end":{"line":38,"column":3}},"9":{"start":{"line":20,"column":4},"end":{"line":31,"column":7}},"10":{"start":{"line":21,"column":6},"end":{"line":30,"column":7}},"11":{"start":{"line":22,"column":8},"end":{"line":22,"column":24}},"12":{"start":{"line":23,"column":8},"end":{"line":26,"column":11}},"13":{"start":{"line":28,"column":8},"end":{"line":28,"column":30}},"14":{"start":{"line":29,"column":8},"end":{"line":29,"column":15}},"15":{"start":{"line":33,"column":4},"end":{"line":33,"column":20}},"16":{"start":{"line":34,"column":4},"end":{"line":37,"column":7}},"17":{"start":{"line":41,"column":15},"end":{"line":41,"column":24}},"18":{"start":{"line":42,"column":0},"end":{"line":42,"column":30}}},"fnMap":{"0":{"name":"_interopRequireDefault","decl":{"start":{"line":12,"column":9},"end":{"line":12,"column":31}},"loc":{"start":{"line":12,"column":37},"end":{"line":12,"column":97}},"line":12},"1":{"name":"authToken","decl":{"start":{"line":16,"column":25},"end":{"line":16,"column":34}},"loc":{"start":{"line":16,"column":51},"end":{"line":39,"column":1}},"line":16},"2":{"name":"(anonymous_2)","decl":{"start":{"line":20,"column":67},"end":{"line":20,"column":68}},"loc":{"start":{"line":20,"column":91},"end":{"line":31,"column":5}},"line":20}},"branchMap":{"0":{"loc":{"start":{"line":12,"column":46},"end":{"line":12,"column":94}},"type":"cond-expr","locations":[{"start":{"line":12,"column":70},"end":{"line":12,"column":73}},{"start":{"line":12,"column":76},"end":{"line":12,"column":94}}],"line":12},"1":{"loc":{"start":{"line":12,"column":46},"end":{"line":12,"column":67}},"type":"binary-expr","locations":[{"start":{"line":12,"column":46},"end":{"line":12,"column":49}},{"start":{"line":12,"column":53},"end":{"line":12,"column":67}}],"line":12},"2":{"loc":{"start":{"line":17,"column":14},"end":{"line":17,"column":80}},"type":"binary-expr","locations":[{"start":{"line":17,"column":14},"end":{"line":17,"column":28}},{"start":{"line":17,"column":32},"end":{"line":17,"column":47}},{"start":{"line":17,"column":51},"end":{"line":17,"column":80}}],"line":17},"3":{"loc":{"start":{"line":19,"column":2},"end":{"line":38,"column":3}},"type":"if","locations":[{"start":{"line":19,"column":2},"end":{"line":38,"column":3}},{"start":{"line":19,"column":2},"end":{"line":38,"column":3}}],"line":19},"4":{"loc":{"start":{"line":21,"column":6},"end":{"line":30,"column":7}},"type":"if","locations":[{"start":{"line":21,"column":6},"end":{"line":30,"column":7}},{"start":{"line":21,"column":6},"end":{"line":30,"column":7}}],"line":21}},"s":{"0":1,"1":1,"2":1,"3":1,"4":2,"5":1,"6":1,"7":4,"8":4,"9":4,"10":4,"11":2,"12":2,"13":2,"14":2,"15":0,"16":0,"17":1,"18":1},"f":{"0":2,"1":4,"2":4},"b":{"0":[0,2],"1":[2,2],"2":[4,4,4],"3":[4,0],"4":[2,2]},"_coverageSchema":"43e27e138ebf9cfc5966b082cf9a028302ed4184","hash":"927b036c3d6cea5bcbc8ca495f69d2243dbc0223","contentHash":"8e6476289c5cc64babbca04c2ee1c9a1"},"C:\\Users\\Maurice\\Projects\\QuickCredit\\server\\middlewares\\loanValidation.js":{"path":"C:\\Users\\Maurice\\Projects\\QuickCredit\\server\\middlewares\\loanValidation.js","statementMap":{"0":{"start":{"line":3,"column":0},"end":{"line":5,"column":3}},"1":{"start":{"line":6,"column":0},"end":{"line":6,"column":28}},"2":{"start":{"line":8,"column":17},"end":{"line":8,"column":61}},"3":{"start":{"line":10,"column":39},"end":{"line":10,"column":95}},"4":{"start":{"line":12,"column":50},"end":{"line":12,"column":151}},"5":{"start":{"line":12,"column":92},"end":{"line":12,"column":149}},"6":{"start":{"line":14,"column":44},"end":{"line":14,"column":315}},"7":{"start":{"line":14,"column":102},"end":{"line":14,"column":110}},"8":{"start":{"line":14,"column":112},"end":{"line":14,"column":167}},"9":{"start":{"line":14,"column":168},"end":{"line":14,"column":199}},"10":{"start":{"line":14,"column":200},"end":{"line":14,"column":254}},"11":{"start":{"line":14,"column":227},"end":{"line":14,"column":254}},"12":{"start":{"line":14,"column":255},"end":{"line":14,"column":313}},"13":{"start":{"line":16,"column":62},"end":{"line":16,"column":131}},"14":{"start":{"line":16,"column":78},"end":{"line":16,"column":131}},"15":{"start":{"line":16,"column":132},"end":{"line":16,"column":193}},"16":{"start":{"line":16,"column":149},"end":{"line":16,"column":193}},"17":{"start":{"line":16,"column":194},"end":{"line":16,"column":213}},"18":{"start":{"line":20,"column":0},"end":{"line":101,"column":3}},"19":{"start":{"line":22,"column":4},"end":{"line":22,"column":41}},"20":{"start":{"line":25,"column":2},"end":{"line":98,"column":6}},"21":{"start":{"line":28,"column":22},"end":{"line":28,"column":30}},"22":{"start":{"line":29,"column":22},"end":{"line":29,"column":41}},"23":{"start":{"line":30,"column":21},"end":{"line":30,"column":39}},"24":{"start":{"line":31,"column":18},"end":{"line":31,"column":33}},"25":{"start":{"line":32,"column":18},"end":{"line":32,"column":33}},"26":{"start":{"line":33,"column":19},"end":{"line":33,"column":35}},"27":{"start":{"line":34,"column":25},"end":{"line":34,"column":27}},"28":{"start":{"line":36,"column":6},"end":{"line":41,"column":7}},"29":{"start":{"line":37,"column":8},"end":{"line":40,"column":11}},"30":{"start":{"line":43,"column":6},"end":{"line":47,"column":7}},"31":{"start":{"line":46,"column":8},"end":{"line":46,"column":90}},"32":{"start":{"line":49,"column":6},"end":{"line":51,"column":7}},"33":{"start":{"line":50,"column":8},"end":{"line":50,"column":70}},"34":{"start":{"line":53,"column":6},"end":{"line":57,"column":7}},"35":{"start":{"line":56,"column":8},"end":{"line":56,"column":87}},"36":{"start":{"line":59,"column":6},"end":{"line":61,"column":7}},"37":{"start":{"line":60,"column":8},"end":{"line":60,"column":68}},"38":{"start":{"line":63,"column":6},"end":{"line":65,"column":7}},"39":{"start":{"line":64,"column":8},"end":{"line":64,"column":61}},"40":{"start":{"line":67,"column":6},"end":{"line":73,"column":7}},"41":{"start":{"line":68,"column":8},"end":{"line":70,"column":9}},"42":{"start":{"line":69,"column":10},"end":{"line":69,"column":53}},"43":{"start":{"line":72,"column":8},"end":{"line":72,"column":59}},"44":{"start":{"line":75,"column":6},"end":{"line":81,"column":7}},"45":{"start":{"line":76,"column":8},"end":{"line":78,"column":9}},"46":{"start":{"line":77,"column":10},"end":{"line":77,"column":55}},"47":{"start":{"line":80,"column":8},"end":{"line":80,"column":61}},"48":{"start":{"line":83,"column":6},"end":{"line":88,"column":7}},"49":{"start":{"line":87,"column":8},"end":{"line":87,"column":86}},"50":{"start":{"line":90,"column":6},"end":{"line":94,"column":7}},"51":{"start":{"line":91,"column":8},"end":{"line":93,"column":11}},"52":{"start":{"line":96,"column":6},"end":{"line":96,"column":13}},"53":{"start":{"line":100,"column":2},"end":{"line":100,"column":23}},"54":{"start":{"line":103,"column":15},"end":{"line":103,"column":34}},"55":{"start":{"line":105,"column":0},"end":{"line":105,"column":30}}},"fnMap":{"0":{"name":"_interopRequireDefault","decl":{"start":{"line":10,"column":9},"end":{"line":10,"column":31}},"loc":{"start":{"line":10,"column":37},"end":{"line":10,"column":97}},"line":10},"1":{"name":"_classCallCheck","decl":{"start":{"line":12,"column":9},"end":{"line":12,"column":24}},"loc":{"start":{"line":12,"column":48},"end":{"line":12,"column":153}},"line":12},"2":{"name":"_defineProperties","decl":{"start":{"line":14,"column":9},"end":{"line":14,"column":26}},"loc":{"start":{"line":14,"column":42},"end":{"line":14,"column":317}},"line":14},"3":{"name":"_createClass","decl":{"start":{"line":16,"column":9},"end":{"line":16,"column":21}},"loc":{"start":{"line":16,"column":60},"end":{"line":16,"column":215}},"line":16},"4":{"name":"(anonymous_4)","decl":{"start":{"line":20,"column":0},"end":{"line":20,"column":1}},"loc":{"start":{"line":20,"column":12},"end":{"line":101,"column":1}},"line":20},"5":{"name":"loanValidator","decl":{"start":{"line":21,"column":11},"end":{"line":21,"column":24}},"loc":{"start":{"line":21,"column":27},"end":{"line":23,"column":3}},"line":21},"6":{"name":"applyLoan","decl":{"start":{"line":27,"column":20},"end":{"line":27,"column":29}},"loc":{"start":{"line":27,"column":46},"end":{"line":97,"column":5}},"line":27}},"branchMap":{"0":{"loc":{"start":{"line":10,"column":46},"end":{"line":10,"column":94}},"type":"cond-expr","locations":[{"start":{"line":10,"column":70},"end":{"line":10,"column":73}},{"start":{"line":10,"column":76},"end":{"line":10,"column":94}}],"line":10},"1":{"loc":{"start":{"line":10,"column":46},"end":{"line":10,"column":67}},"type":"binary-expr","locations":[{"start":{"line":10,"column":46},"end":{"line":10,"column":49}},{"start":{"line":10,"column":53},"end":{"line":10,"column":67}}],"line":10},"2":{"loc":{"start":{"line":12,"column":50},"end":{"line":12,"column":151}},"type":"if","locations":[{"start":{"line":12,"column":50},"end":{"line":12,"column":151}},{"start":{"line":12,"column":50},"end":{"line":12,"column":151}}],"line":12},"3":{"loc":{"start":{"line":14,"column":136},"end":{"line":14,"column":166}},"type":"binary-expr","locations":[{"start":{"line":14,"column":136},"end":{"line":14,"column":157}},{"start":{"line":14,"column":161},"end":{"line":14,"column":166}}],"line":14},"4":{"loc":{"start":{"line":14,"column":200},"end":{"line":14,"column":254}},"type":"if","locations":[{"start":{"line":14,"column":200},"end":{"line":14,"column":254}},{"start":{"line":14,"column":200},"end":{"line":14,"column":254}}],"line":14},"5":{"loc":{"start":{"line":16,"column":62},"end":{"line":16,"column":131}},"type":"if","locations":[{"start":{"line":16,"column":62},"end":{"line":16,"column":131}},{"start":{"line":16,"column":62},"end":{"line":16,"column":131}}],"line":16},"6":{"loc":{"start":{"line":16,"column":132},"end":{"line":16,"column":193}},"type":"if","locations":[{"start":{"line":16,"column":132},"end":{"line":16,"column":193}},{"start":{"line":16,"column":132},"end":{"line":16,"column":193}}],"line":16},"7":{"loc":{"start":{"line":36,"column":6},"end":{"line":41,"column":7}},"type":"if","locations":[{"start":{"line":36,"column":6},"end":{"line":41,"column":7}},{"start":{"line":36,"column":6},"end":{"line":41,"column":7}}],"line":36},"8":{"loc":{"start":{"line":36,"column":10},"end":{"line":36,"column":124}},"type":"binary-expr","locations":[{"start":{"line":36,"column":10},"end":{"line":36,"column":32}},{"start":{"line":36,"column":36},"end":{"line":36,"column":57}},{"start":{"line":36,"column":61},"end":{"line":36,"column":79}},{"start":{"line":36,"column":83},"end":{"line":36,"column":101}},{"start":{"line":36,"column":105},"end":{"line":36,"column":124}}],"line":36},"9":{"loc":{"start":{"line":43,"column":6},"end":{"line":47,"column":7}},"type":"if","locations":[{"start":{"line":43,"column":6},"end":{"line":47,"column":7}},{"start":{"line":43,"column":6},"end":{"line":47,"column":7}}],"line":43},"10":{"loc":{"start":{"line":49,"column":6},"end":{"line":51,"column":7}},"type":"if","locations":[{"start":{"line":49,"column":6},"end":{"line":51,"column":7}},{"start":{"line":49,"column":6},"end":{"line":51,"column":7}}],"line":49},"11":{"loc":{"start":{"line":53,"column":6},"end":{"line":57,"column":7}},"type":"if","locations":[{"
[...]
art":{"line":63,"column":6},"end":{"line":65,"column":7}},"type":"if","locations":[{"start":{"line":63,"column":6},"end":{"line":65,"column":7}},{"start":{"line":63,"column":6},"end":{"line":65,"column":7}}],"line":63},"14":{"loc":{"start":{"line":67,"column":6},"end":{"line":73,"column":7}},"type":"if","locations":[{"start":{"line":67,"column":6},"end":{"line":73,"column":7}},{"start":{"line":67,"column":6},"end":{"line":73,"column":7}}],"line":67},"15":{"loc":{"start":{"line":68,"column":8},"end":{"line":70,"column":9}},"type":"if","locations":[{"start":{"line":68,"column":8},"end":{"line":70,"column":9}},{"start":{"line":68,"column":8},"end":{"line":70,"column":9}}],"line":68},"16":{"loc":{"start":{"line":75,"column":6},"end":{"line":81,"column":7}},"type":"if","locations":[{"start":{"line":75,"column":6},"end":{"line":81,"column":7}},{"start":{"line":75,"column":6},"end":{"line":81,"column":7}}],"line":75},"17":{"loc":{"start":{"line":76,"column":8},"end":{"line":78,"column":9}},"type":"if","locations":[{"start":{"line":76,"column":8},"end":{"line":78,"column":9}},{"start":{"line":76,"column":8},"end":{"line":78,"column":9}}],"line":76},"18":{"loc":{"start":{"line":83,"column":6},"end":{"line":88,"column":7}},"type":"if","locations":[{"start":{"line":83,"column":6},"end":{"line":88,"column":7}},{"start":{"line":83,"column":6},"end":{"line":88,"column":7}}],"line":83},"19":{"loc":{"start":{"line":90,"column":6},"end":{"line":94,"column":7}},"type":"if","locations":[{"start":{"line":90,"column":6},"end":{"line":94,"column":7}},{"start":{"line":90,"column":6},"end":{"line":94,"column":7}}],"line":90}},"s":{"0":1,"1":1,"2":1,"3":1,"4":1,"5":0,"6":1,"7":1,"8":1,"9":1,"10":1,"11":1,"12":1,"13":1,"14":1,"15":1,"16":0,"17":1,"18":1,"19":1,"20":1,"21":1,"22":1,"23":1,"24":1,"25":1,"26":1,"27":1,"28":1,"29":0,"30":1,"31":0,"32":1,"33":0,"34":1,"35":0,"36":1,"37":0,"38":1,"39":0,"40":1,"41":0,"42":0,"43":0,"44":1,"45":0,"46":0,"47":0,"48":1,"49":0,"50":1,"51":0,"52":1,"53":1,"54":1,"55":1},"f":{"0":1,"1":1,"2":1,"3":1,"4":1,"5":1,"6":1},"b":{"0":[0,1],"1":[1,1],"2":[0,1],"3":[1,1],"4":[1,0],"5":[1,0],"6":[0,1],"7":[0,1],"8":[1,1,1,1,1],"9":[0,1],"10":[0,1],"11":[0,1],"12":[0,1],"13":[0,1],"14":[0,1],"15":[0,0],"16":[0,1],"17":[0,0],"18":[0,1],"19":[0,1]},"_coverageSchema":"43e27e138ebf9cfc5966b082cf9a028302ed4184","hash":"293bb49db3303fdcf7620078d16928691c0682d7","contentHash":"cb95fc36fd181c5fee835e6c8f6bf7cb"},"C:\\Users\\Maurice\\Projects\\QuickCredit\\server\\middlewares\\loanRepaymentValidation.js":{"path":"C:\\Users\\Maurice\\Projects\\QuickCredit\\server\\middlewares\\loanRepaymentValidation.js","statementMap":{"0":{"start":{"line":3,"column":0},"end":{"line":5,"column":3}},"1":{"start":{"line":6,"column":0},"end":{"line":6,"column":28}},"2":{"start":{"line":8,"column":17},"end":{"line":8,"column":61}},"3":{"start":{"line":10,"column":39},"end":{"line":10,"column":95}},"4":{"start":{"line":12,"column":50},"end":{"line":12,"column":151}},"5":{"start":{"line":12,"column":92},"end":{"line":12,"column":149}},"6":{"start":{"line":14,"column":44},"end":{"line":14,"column":315}},"7":{"start":{"line":14,"column":102},"end":{"line":14,"column":110}},"8":{"start":{"line":14,"column":112},"end":{"line":14,"column":167}},"9":{"start":{"line":14,"column":168},"end":{"line":14,"column":199}},"10":{"start":{"line":14,"column":200},"end":{"line":14,"column":254}},"11":{"start":{"line":14,"column":227},"end":{"line":14,"column":254}},"12":{"start":{"line":14,"column":255},"end":{"line":14,"column":313}},"13":{"start":{"line":16,"column":62},"end":{"line":16,"column":131}},"14":{"start":{"line":16,"column":78},"end":{"line":16,"column":131}},"15":{"start":{"line":16,"column":132},"end":{"line":16,"column":193}},"16":{"start":{"line":16,"column":149},"end":{"line":16,"column":193}},"17":{"start":{"line":16,"column":194},"end":{"line":16,"column":213}},"18":{"start":{"line":20,"column":0},"end":{"line":107,"column":3}},"19":{"start":{"line":22,"column":4},"end":{"line":22,"column":50}},"20":{"start":{"line":25,"column":2},"end":{"line":104,"column":6}},"21":{"start":{"line":28,"column":22},"end":{"line":28,"column":30}},"22":{"start":{"line":29,"column":19},"end":{"line":29,"column":35}},"23":{"start":{"line":30,"column":22},"end":{"line":30,"column":41}},"24":{"start":{"line":31,"column":19},"end":{"line":31,"column":35}},"25":{"start":{"line":32,"column":31},"end":{"line":32,"column":59}},"26":{"start":{"line":33,"column":23},"end":{"line":33,"column":43}},"27":{"start":{"line":34,"column":20},"end":{"line":34,"column":37}},"28":{"start":{"line":35,"column":25},"end":{"line":35,"column":27}},"29":{"start":{"line":37,"column":6},"end":{"line":42,"column":7}},"30":{"start":{"line":38,"column":8},"end":{"line":41,"column":11}},"31":{"start":{"line":44,"column":6},"end":{"line":46,"column":7}},"32":{"start":{"line":45,"column":8},"end":{"line":45,"column":52}},"33":{"start":{"line":48,"column":6},"end":{"line":50,"column":7}},"34":{"start":{"line":49,"column":8},"end":{"line":49,"column":55}},"35":{"start":{"line":52,"column":6},"end":{"line":54,"column":7}},"36":{"start":{"line":53,"column":8},"end":{"line":53,"column":53}},"37":{"start":{"line":56,"column":6},"end":{"line":61,"column":7}},"38":{"start":{"line":60,"column":8},"end":{"line":60,"column":79}},"39":{"start":{"line":63,"column":6},"end":{"line":65,"column":7}},"40":{"start":{"line":64,"column":8},"end":{"line":64,"column":65}},"41":{"start":{"line":67,"column":6},"end":{"line":72,"column":7}},"42":{"start":{"line":71,"column":8},"end":{"line":71,"column":91}},"43":{"start":{"line":74,"column":6},"end":{"line":76,"column":7}},"44":{"start":{"line":75,"column":8},"end":{"line":75,"column":57}},"45":{"start":{"line":78,"column":6},"end":{"line":83,"column":7}},"46":{"start":{"line":82,"column":8},"end":{"line":82,"column":83}},"47":{"start":{"line":85,"column":6},"end":{"line":87,"column":7}},"48":{"start":{"line":86,"column":8},"end":{"line":86,"column":54}},"49":{"start":{"line":89,"column":6},"end":{"line":94,"column":7}},"50":{"start":{"line":93,"column":8},"end":{"line":93,"column":80}},"51":{"start":{"line":96,"column":6},"end":{"line":100,"column":7}},"52":{"start":{"line":97,"column":8},"end":{"line":99,"column":11}},"53":{"start":{"line":102,"column":6},"end":{"line":102,"column":13}},"54":{"start":{"line":106,"column":2},"end":{"line":106,"column":32}},"55":{"start":{"line":109,"column":15},"end":{"line":109,"column":43}},"56":{"start":{"line":111,"column":0},"end":{"line":111,"column":30}}},"fnMap":{"0":{"name":"_interopRequireDefault","decl":{"start":{"line":10,"column":9},"end":{"line":10,"column":31}},"loc":{"start":{"line":10,"column":37},"end":{"line":10,"column":97}},"line":10},"1":{"name":"_classCallCheck","decl":{"start":{"line":12,"column":9},"end":{"line":12,"column":24}},"loc":{"start":{"line":12,"column":48},"end":{"line":12,"column":153}},"line":12},"2":{"name":"_defineProperties","decl":{"start":{"line":14,"column":9},"end":{"line":14,"column":26}},"loc":{"start":{"line":14,"column":42},"end":{"line":14,"column":317}},"line":14},"3":{"name":"_createClass","decl":{"start":{"line":16,"column":9},"end":{"line":16,"column":21}},"loc":{"start":{"line":16,"column":60},"end":{"line":16,"column":215}},"line":16},"4":{"name":"(anonymous_4)","decl":{"start":{"line":20,"column":0},"end":{"line":20,"column":1}},"loc":{"start":{"line":20,"column":12},"end":{"line":107,"column":1}},"line":20},"5":{"name":"postRepaymentValidator","decl":{"start":{"line":21,"column":11},"end":{"line":21,"column":33}},"loc":{"start":{"line":21,"column":36},"end":{"line":23,"column":3}},"line":21},"6":{"name":"postRepayment","decl":{"start":{"line":27,"column":20},"end":{"line":27,"column":33}},"loc":{"start":{"line":27,"column":50},"end":{"line":103,"column":5}},"line":27}},"branchMap":{"0":{"loc":{"start":{"line":10,"column":46},"end":{"line":10,"column":94}},"type":"cond-expr","locations":[{"start":{"line":10,"column":70},"end":{"line":10,"column":73}},{"start":{"line":10,"column":76},"end":{"line":10,"column":94}}],"line":10},"1":{"loc":{"start":{"line":10,"column":46},"end":{"line":10,"column":67}},"type":"binary-expr","locations":[{"start":{"line":10,"column":46},"end":{"line":10,"column":49}},{"start":{"line":10,"column":53},"end":{"line":10,"column":67}}],"line":10},"2":{"loc":{"start":{"line":12,"column":50},"end":{"line":12,"column":151}},"type":"if","locations":[{"start":{"line":12,"column":50},"end":{"line":12,"column":151}},{"start":{"line":12,"column":50},"end":{"line":12,"column":151}}],"line":12},"3":{"loc":{"start":{"line":14,"column":136},"end":{"line":14,"column":166}},"type":"binary-expr","locations":[{"start":{"line":14,"column":136},"end":{"line":14,"column":157}},{"start":{"line":14,"column":161},"end":{"line":14,"column":166}}],"line":14},"4":{"loc":{"start":{"line":14,"column":200},"end":{"line":14,"column":254}},"type":"if","locations":[{"start":{"line":14,"column":200},"end":{"line":14,"column":254}},{"start":{"line":14,"column":200},"end":{"line":14,"column":254}}],"line":14},"5":{"loc":{"start":{"line":16,"column":62},"end":{"line":16,"column":131}},"type":"if","locations":[{"start":{"line":16,"column":62},"end":{"line":16,"column":131}},{"start":{"line":16,"column":62},"end":{"line":16,"column":131}}],"line":16},"6":{"loc":{"start":{"line":16,"column":132},"end":{"line":16,"column":193}},"type":"if","locations":[{"start":{"line":16,"column":132},"end":{"line":16,"column":193}},{"start":{"line":16,"column":132},"end":{"line":16,"column":193}}],"line":16},"7":{"loc":{"start":{"line":37,"column":6},"end":{"line":42,"column":7}},"type":"if","locations":[{"start":{"line":37,"column":6},"end":{"line":42,"column":7}},{"start":{"line":37,"column":6},"end":{"line":42,"column":7}}],"line":37},"8":{"loc":{"start":{"line":37,"column":10},"end":{"line":37,"column":164}},"type":"binary-expr","locations":[{"start":{"line":37,"column":10},"end":{"line":37,"column":29}},{"start":{"line":37,"column":33},"end":{"line":37,"column":55}},{"start":{"line":37,"column":59},"end":{"line":37,"column":78}},{"start":{"line":37,"column":82},"end":{"line":37,"column":113}},{"start":{"line":37,"column":117},"end":{"line":37,"column":140}},{"start":{"line":37,"column":144},"end":{"line":37,"column":164}}],"line":37},"9":{"loc":{"start":{"line":44,"column":6},"end":{"line":46,"column":7}},"type":"if","locations":[{"start":{"line":44,"column":6},"end":{"line":46,"column":7}},{"start":{"line":44,"column":6},"end":{"line":46,"column":7}}],"line":44},"10":{"loc":{"start":{"line":48,"column":6},"end":{"line":50,"column":7}},"type":"if","locations":[{"start":{"line":48,"column":6},"end":{"line":50,"column":7}},{"start":{"line":48,"column":6},"end":{"line":50,"column":7}}],"line":48},"11":{"loc":{"start":{"line":52,"column":6},"end":{"line":54,"column":7}},"type":"if","locations":[{"start":{"line":52,"column":6},"end":{"line":54,"column":7}},{"start":{"line":52,"column":6},"end":{"line":54,"column":7}}],"line":52},"12":{"loc":{"start":{"line":56,"column":6},"end":{"line":61,"column":7}},"type":"if","locations":[{"start":{"line":56,"column":6},"end":{"line":61,"column":7}},{"start":{"line":56,"column":6},"end":{"line":61,"column":7}}],"line":56},"13":{"loc":{"start":{"line":63,"column":6},"end":{"line":65,"column":7}},"type":"if","locations":[{"start":{"line":63,"column":6},"end":{"line":65,"column":7}},{"start":{"line":63,"column":6},"end":{"line":65,"column":7}}],"line":63},"14":{"loc":{"start":{"line":67,"column":6},"end":{"line":72,"column":7}},"type":"if","locations":[{"start":{"line":67,"column":6},"end":{"line":72,"column":7}},{"start":{"line":67,"column":6},"end":{"line":72,"column":7}}],"line":67},"15":{"loc":{"start":{"line":74,"column":6},"end":{"line":76,"column":7}},"type":"if","locations":[{"start":{"line":74,"column":6},"end":{"line":76,"column":7}},{"start":{"line":74,"column":6},"end":{"line":76,"column":7}}],"line":74},"16":{"loc":{"start":{"line":78,"column":6},"end":{"line":83,"column":7}},"type":"if","locations":[{"start":{"line":78,"column":6},"end":{"line":83,"column":7}},{"start":{"line":78,"column":6},"end":{"line":83,"column":7}}],"line":78},"17":{"loc":{"start":{"line":85,"column":6},"end":{"line":87,"column":7}},"type":"if","locations":[{"start":{"line":85,"column":6},"end":{"line":87,"column":7}},{"start":{"line":85,"column":6},"end":{"line":87,"column":7}}],"line":85},"18":{"loc":{"start":{"line":89,"column":6},"end":{"line":94,"column":7}},"type":"if","locations":[{"start":{"line":89,"column":6},"end":{"line":94,"column":7}},{"start":{"line":89,"column":6},"end":{"line":94,"column":7}}],"line":89},"19":{"loc":{"start":{"line":96,"column":6},"end":{"line":100,"column":7}},"type":"if","locations":[{"start":{"line":96,"column":6},"end":{"line":100,"column":7}},{"start":{"line":96,"column":6},"end":{"line":100,"column":7}}],"line":96}},"s":{"0":1,"1":1,"2":1,"3":1,"4":1,"5":0,"6":1,"7":1,"8":1,"9":1,"10":1,"11":1,"12":1,"13":1,"14":1,"15":1,"16":0,"17":1,"18":1,"19":1,"20":1,"21":0,"22":0,"23":0,"24":0,"25":0,"26":0,"27":0,"28":0,"29":0,"30":0,"31":0,"32":0,"33":0,"34":0,"35":0,"36":0,"37":0,"38":0,"39":0,"40":0,"41":0,"42":0,"43":0,"44":0,"45":0,"46":0,"47":0,"48":0,"49":0,"50":0,"51":0,"52":0,"53":0,"54":1,"55":1,"56":1},"f":{"0":1,"1":1,"2":1,"3":1,"4":1,"5":1,"6":0},"b":{"0":[0,1],"1":[1,1],"2":[0,1],"3":[1,1],"4":[1,0],"5":[1,0],"6":[0,1],"7":[0,0],"8":[0,0,0,0,0,0],"9":[0,0],"10":[0,0],"11":[0,0],"12":[0,0],"13":[0,0],"14":[0,0],"15":[0,0],"16":[0,0],"17":[0,0],"18":[0,0],"19":[0,0]},"_coverageSchema":"43e27e138ebf9cfc5966b082cf9a028302ed4184","hash":"ea478c51ad35691f4a76aff952e675fa21ded2b9","contentHash":"ff1eaf5fdf3b73ff9668089b531a20b8"},"C:\\Users\\Maurice\\Projects\\QuickCredit\\server\\middlewares\\verifiedValidation.js":{"path":"C:\\Users\\Maurice\\Projects\\QuickCredit\\server\\middlewares\\verifiedValidation.js","statementMap":{"0":{"start":{"line":3,"column":0},"end":{"line":5,"column":3}},"1":{"start":{"line":6,"column":0},"end":{"line":6,"column":28}},"2":{"start":{"line":8,"column":50},"end":{"line":8,"column":151}},"3":{"start":{"line":8,"column":92},"end":{"line":8,"column":149}},"4":{"start":{"line":10,"column":44},"end":{"line":10,"column":315}},"5":{"start":{"line":10,"column":102},"end":{"line":10,"column":110}},"6":{"start":{"line":10,"column":112},"end":{"line":10,"column":167}},"7":{"start":{"line":10,"column":168},"end":{"line":10,"column":199}},"8":{"start":{"line":10,"column":200},"end":{"line":10,"column":254}},"9":{"start":{"line":10,"column":227},"end":{"line":10,"column":254}},"10":{"start":{"line":10,"column":255},"end":{"line":10,"column":313}},"11":{"start":{"line":12,"column":62},"end":{"line":12,"column":131}},"12":{"start":{"line":12,"column":78},"end":{"line":12,"column":131}},"13":{"start":{"line":12,"column":132},"end":{"line":12,"column":193}},"14":{"start":{"line":12,"column":149},"end":{"line":12,"column":193}},"15":{"start":{"line":12,"column":194},"end":{"line":12,"column":213}},"16":{"start":{"line":16,"column":0},"end":{"line":53,"column":3}},"17":{"start":{"line":18,"column":4},"end":{"line":18,"column":45}},"18":{"start":{"line":21,"column":2},"end":{"line":50,"column":6}},"19":{"start":{"line":24,"column":19},"end":{"line":24,"column":34}},"20":{"start":{"line":25,"column":22},"end":{"line":25,"column":24}},"21":{"start":{"line":27,"column":6},"end":{"line":32,"column":7}},"22":{"start":{"line":28,"column":8},"end":{"line":31,"column":11}},"23":{"start":{"line":34,"column":6},"end":{"line":36,"column":7}},"24":{"start":{"line":35,"column":8},"end":{"line":35,"column":50}},"25":{"start":{"line":38,"column":6},"end":{"line":40,"column":7}},"26":{"start":{"line":39,"column":8},"end":{"line":39,"column":76}},"27":{"start":{"line":42,"column":6},"end":{"line":46,"column":7}},"28":{"start":{"line":43,"column":8},"end":{"line":45,"column":11}},"29":{"start":{"line":48,"column":6},"end":{"line":48,"column":13}},"30":{"start":{"line":52,"column":2},"end":{"line":52,"column":27}},"31":{"start":{"line":55,"column":15},"end":{"line":55,"column":38}},"32":{"start":{"line":57,"column":0},"end":{"line":57,"column":30}}},"fnMap":{"0":{"name":"_classCallCheck","decl":{"start":{"line":8,"column":9},"end":{"line":8,"column":24}},"loc":{"start":{"line":8,"column":48},"end":{"line":8,"column":153}},"line":8},"1":{"name":"_defineProperties","decl":{"start":{"line":10,"column":9},"end":{"line":10,"column":26}},"loc":{"start":{"line":10,"column":42},"end":{"line":10,"column":317}},"line":10},"2":{"name":"_createClass","decl":{"start":{"line":12,"column":9},"end":{"line":12,"column":21}},"loc":{"start":{"line":12,"column":60},"end":{"line":12,"column":215}},"line":12},"3":{"name":"(anonymous_3)","decl":{"start":{"line":16,"column":0},"end":{"line":16,"column":1}},"loc":{"start":{"line":16,"column":12},"end":{"line":53,"column":1}},"line":16},"4":{"name":"verifiedValidator","decl":{"start":{"line":17,"column":11},"end":{"line":17,"column":28}},"loc":{"start":{"line":17,"column":31},"end":{"line":19,"column":3}},"line":17},"5":{"name":"verify","decl":{"start":{"line":23,"column":20},"end":{"line":23,"column":26}},"loc":{"start":{"line":23,"column":43},"end":{"line":49,"column":5}},"line":23}},"branchMap":{"0":{"loc":{"start":{"line":8,"column":50},"end":{"line":8,"column":151}},"type":"if","locations":[{"start":{"line":8,"column":50},"end":{"line":8,"column":151}},{"start":{"line":8,"column":50},"end":{"line":8,"column":151}}],"line":8},"1":{"loc":{"start":{"line":10,"column":136},"end":{"line":10,"column":166}},"type":"binary-expr","locations":[{"start":{"line":10,"column":136},"end":{"line":10,"column":157}},{"start":{"line":10,"column":161},"end":{"line":10,"column":166}}],"line":10},"2":{"loc":{"start":{"line":10,"column":200},"end":{"line":10,"column":254}},"type":"if","locations":[{"start":{"line":10,"column":200},"end":{"line":10,"column":254}},{"start":{"line":10,"column":200},"end":{"line":10,"column":254}}],"line":10},"3":{"loc":{"start":{"line":12,"column":62},"end":{"line":12,"column":131}},"type":"if","locations":[{"start":{"line":12,"column":62},"end":{"line":12,"column":131}},{"start":{"line":12,"column":62},"end":{"line":12,"column":131}}],"line":12},"4":{"loc":{"start":{"line":12,"column":132},"end":{"line":12,"column":193}},"type":"if","locations":[{"start":{"line":12,"column":132},"end":{"line":12,"column":193}},{"start":{"line":12,"column":132},"end":{"line":12,"column":193}}],"line":12},"5":{"loc":{"start":{"line":27,"column":6},"end":{"line":32,"column":7}},"type":"if","locations":[{"start":{"line":27,"column":6},"end":{"line":32,"column":7}},{"start":{"line":27,"column":6},"end":{"line":32,"column":7}}],"line":27},"6":{"loc":{"start":{"line":34,"column":6},"end":{"line":36,"column":7}},"type":"if","locations":[{"start":{"line":34,"column":6},"end":{"line":36,"column":7}},{"start":{"line":34,"column":6},"end":{"line":36,"column":7}}],"line":34},"7":{"loc":{"start":{"line":38,"column":6},"end":{"line":40,"column":7}},"type":"if","locations":[{"start":{"line":38,"column":6},"end":{"line":40,"column":7}},{"start":{"line":38,"column":6},"end":{"line":40,"column":7}}],"line":38},"8":{"loc":{"start":{"line":42,"column":6},"end":{"line":46,"column":7}},"type":"if","locations":[{"start":{"line":42,"column":6},"end":{"line":46,"column":7}},{"start":{"line":42,"column":6},"end":{"line":46,"column":7}}],"line":42}},"s":{"0":1,"1":1,"2":1,"3":0,"4":1,"5":1,"6":1,"7":1,"8":1,"9":1,"10":1,"11":1,"12":1,"13":1,"14":0,"15":1,"16":1,"17":1,"18":1,"19":2,"20":2,"21":2,"22":1,"23":1,"24":0,"25":1,"26":0,"27":1,"28":0,"29":1,"30":1,"31":1,"32":1},"f":{"0":1,"1":1,"2":1,"3":1,"4":1,"5":2},"b":{"0":[0,1],"1":[1,1],"2":[1,0],"3":[1,0],"4":[0,1],"5":[1,1],"6":[0,1],"7":[0,1],"8":[0,1]},"_coverageSchema":"43e27e138ebf9cfc5966b082cf9a028302ed4184","hash":"09024b82f96bcfc596dc187cbb6acae0acd68d8c","contentHash":"6d201d5e2d66c56f5000c6ecc1af2981"}}